{"numTotalTestSuites":616,"numPassedTestSuites":563,"numFailedTestSuites":53,"numPendingTestSuites":0,"numTotalTests":1778,"numPassedTests":1617,"numFailedTests":19,"numPendingTests":142,"numTodoTests":0,"snapshot":{"added":0,"failure":false,"filesAdded":0,"filesRemoved":0,"filesRemovedList":[],"filesUnmatched":0,"filesUpdated":0,"matched":0,"total":0,"unchecked":0,"uncheckedKeysByFile":[],"unmatched":0,"updated":0,"didUpdate":false},"startTime":1789919640379,"success":false,"testResults":[{"assertionResults":[{"ancestorTitles":["Admin trips loaders"],"fullName":"Admin trips loaders finds the trip by search with pagination meta","status":"passed","title":"finds the trip by search with pagination meta","duration":25.29190000000017,"failureMessages":[],"meta":{},"tags":[]},{"ancestorTitles":["Admin trips loaders"],"fullName":"Admin trips loaders filters by status","status":"passed","title":"filters by status","duration":12.622299999999996,"failureMessages":[],"meta":{},"tags":[]},{"ancestorTitles":["Admin trips loaders"],"fullName":"Admin trips loaders loads trip detail with translations","status":"passed","title":"loads trip detail with translations","duration":7.160599999999931,"failureMessages":[],"meta":{},"tags":[]},{"ancestorTitles":["Admin trips loaders"],"fullName":"Admin trips loaders returns null for unknown trips","status":"passed","title":"returns null for unknown trips","duration":1.9391000000000531,"failureMessages":[],"meta":{},"tags":[]}],"startTime":1789919706110,"endTime":1789919706156.9392,"status":"passed","message":"","name":"C:/Users/Utilisateur/Documents/t3code/atlaselle/tests/integration/admin-trips.test.ts"},{"assertionResults":[{"ancestorTitles":["Admin voyage actions (real DB)"],"fullName":"Admin voyage actions (real DB) rejects stale writes (optimistic locking)","status":"passed","title":"rejects stale writes (optimistic locking)","duration":154.80430000000024,"failureMessages":[],"meta":{},"tags":[]},{"ancestorTitles":["Admin voyage actions (real DB)"],"fullName":"Admin voyage actions (real DB) restores a revision snapshot","status":"passed","title":"restores a revision snapshot","duration":55.86239999999998,"failureMessages":[],"meta":{},"tags":[]},{"ancestorTitles":["Admin voyage actions (real DB)"],"fullName":"Admin voyage actions (real DB) publishes a policy version exclusively","status":"passed","title":"publishes a policy version exclusively","duration":31.313900000000103,"failureMessages":[],"meta":{},"tags":[]},{"ancestorTitles":["Admin voyage actions (real DB)"],"fullName":"Admin voyage actions (real DB) retries failed email deliveries","status":"passed","title":"retries failed email deliveries","duration":51.44360000000006,"failureMessages":[],"meta":{},"tags":[]},{"ancestorTitles":["Admin voyage actions (real DB)"],"fullName":"Admin voyage actions (real DB) exports then anonymizes a traveler file","status":"passed","title":"exports then anonymizes a traveler file","duration":45.880499999999756,"failureMessages":[],"meta":{},"tags":[]},{"ancestorTitles":["Admin voyage actions (real DB)"],"fullName":"Admin voyage actions (real DB) refuses anonymization with an active file","status":"passed","title":"refuses anonymization with an active file","duration":27.931400000000394,"failureMessages":[],"meta":{},"tags":[]},{"ancestorTitles":["Admin voyage actions (real DB)"],"fullName":"Admin voyage actions (real DB) creates trips and edits full departure pricing","status":"passed","title":"creates trips and edits full departure pricing","duration":122.43049999999948,"failureMessages":[],"meta":{},"tags":[]}],"startTime":1789919698039,"endTime":1789919698529.4304,"status":"passed","message":"","name":"C:/Users/Utilisateur/Documents/t3code/atlaselle/tests/integration/admin-voyage-actions.test.ts"},{"assertionResults":[{"ancestorTitles":["Admin voyage loaders (real DB)"],"fullName":"Admin voyage loaders (real DB) lists applications with traveler emails","status":"skipped","title":"lists applications with traveler emails","failureMessages":[],"meta":{},"tags":[]},{"ancestorTitles":["Admin voyage loaders (real DB)"],"fullName":"Admin voyage loaders (real DB) filters applications by status","status":"skipped","title":"filters applications by status","failureMessages":[],"meta":{},"tags":[]},{"ancestorTitles":["Admin voyage loaders (real DB)"],"fullName":"Admin voyage loaders (real DB) lists reservations with amounts","status":"skipped","title":"lists reservations with amounts","failureMessages":[],"meta":{},"tags":[]},{"ancestorTitles":["Admin voyage loaders (real DB)"],"fullName":"Admin voyage loaders (real DB) lists payments","status":"skipped","title":"lists payments","failureMessages":[],"meta":{},"tags":[]},{"ancestorTitles":["Admin voyage loaders (real DB)"],"fullName":"Admin voyage loaders (real DB) searches travelers without sensitive data","status":"skipped","title":"searches travelers without sensitive data","failureMessages":[],"meta":{},"tags":[]},{"ancestorTitles":["Admin voyage loaders (real DB)"],"fullName":"Admin voyage loaders (real DB) lists email deliveries","status":"skipped","title":"lists email deliveries","failureMessages":[],"meta":{},"tags":[]},{"ancestorTitles":["Admin voyage loaders (real DB)"],"fullName":"Admin voyage loaders (real DB) lists policy documents with published versions","status":"skipped","title":"lists policy documents with published versions","failureMessages":[],"meta":{},"tags":[]},{"ancestorTitles":["Admin voyage loaders (real DB)"],"fullName":"Admin voyage loaders (real DB) loads open departures for a trip","status":"skipped","title":"loads open departures for a trip","failureMessages":[],"meta":{},"tags":[]},{"ancestorTitles":["Admin voyage loaders (real DB)"],"fullName":"Admin voyage loaders (real DB) computes voyage health counters","status":"skipped","title":"computes voyage health counters","failureMessages":[],"meta":{},"tags":[]},{"ancestorTitles":["Admin voyage loaders (real DB)"],"fullName":"Admin voyage loaders (real DB) loads reservation detail with payments and trip title","status":"skipped","title":"loads reservation detail with payments and trip title","failureMessages":[],"meta":{},"tags":[]}],"startTime":1789919640379,"endTime":1789919640379,"status":"failed","message":"","name":"C:/Users/Utilisateur/Documents/t3code/atlaselle/tests/integration/admin-voyage-loaders.test.ts"},{"assertionResults":[{"ancestorTitles":["POST /api/analytics"],"fullName":"POST /api/analytics accepts allowlisted events with safe props only","status":"passed","title":"accepts allowlisted events with safe props only","duration":54.43020000000001,"failureMessages":[],"meta":{},"tags":[]},{"ancestorTitles":["POST /api/analytics"],"fullName":"POST /api/analytics rejects unknown events and invalid bodies","status":"passed","title":"rejects unknown events and invalid bodies","duration":4.683700000000044,"failureMessages":[],"meta":{},"tags":[]}],"startTime":1789919720739,"endTime":1789919720798.6836,"status":"passed","message":"","name":"C:/Users/Utilisateur/Documents/t3code/atlaselle/tests/integration/analytics-endpoint.test.ts"},{"assertionResults":[{"ancestorTitles":["Applications — submit/review/withdraw (real DB)"],"fullName":"Applications — submit/review/withdraw (real DB) submits an application with events and outbox","status":"skipped","title":"submits an application with events and outbox","failureMessages":[],"meta":{},"tags":[]},{"ancestorTitles":["Applications — submit/review/withdraw (real DB)"],"fullName":"Applications — submit/review/withdraw (real DB) rejects closed departures and past deadlines","status":"skipped","title":"rejects closed departures and past deadlines","failureMessages":[],"meta":{},"tags":[]},{"ancestorTitles":["Applications — submit/review/withdraw (real DB)"],"fullName":"Applications — submit/review/withdraw (real DB) conflicts on unverified duplicate emails","status":"skipped","title":"conflicts on unverified duplicate emails","failureMessages":[],"meta":{},"tags":[]},{"ancestorTitles":["Applications — submit/review/withdraw (real DB)"],"fullName":"Applications — submit/review/withdraw (real DB) approves then refuses double decision","status":"skipped","title":"approves then refuses double decision","failureMessages":[],"meta":{},"tags":[]},{"ancestorTitles":["Applications — submit/review/withdraw (real DB)"],"fullName":"Applications — submit/review/withdraw (real DB) withdraws with matching email only","status":"skipped","title":"withdraws with matching email only","failureMessages":[],"meta":{},"tags":[]}],"startTime":1789919640379,"endTime":1789919640379,"status":"failed","message":"","name":"C:/Users/Utilisateur/Documents/t3code/atlaselle/tests/integration/applications.test.ts"},{"assertionResults":[{"ancestorTitles":["apply page — alternateUrls sans lookup statique"],"fullName":"apply page — alternateUrls sans lookup statique chaque voyage publié expose un slug par locale pour getApplyPath","status":"passed","title":"chaque voyage publié expose un slug par locale pour getApplyPath","duration":317.2616999999998,"failureMessages":[],"meta":{},"tags":[]},{"ancestorTitles":["apply page — alternateUrls sans lookup statique"],"fullName":"apply page — alternateUrls sans lookup statique les 3 slugs FR seeds se chargent avec 4 traductions","status":"passed","title":"les 3 slugs FR seeds se chargent avec 4 traductions","duration":80.24440000000027,"failureMessages":[],"meta":{},"tags":[]}],"startTime":1789919663022,"endTime":1789919663419.2444,"status":"passed","message":"","name":"C:/Users/Utilisateur/Documents/t3code/atlaselle/tests/integration/apply-page.test.ts"},{"assertionResults":[{"ancestorTitles":["Audit — logAuditEvent()"],"fullName":"Audit — logAuditEvent() inserts an audit event into the database","status":"passed","title":"inserts an audit event into the database","duration":131.1242000000002,"failureMessages":[],"meta":{},"tags":[]},{"ancestorTitles":["Audit — logAuditEvent()"],"fullName":"Audit — logAuditEvent() handles null metadata gracefully","status":"passed","title":"handles null metadata gracefully","duration":4.203300000000127,"failureMessages":[],"meta":{},"tags":[]},{"ancestorTitles":["Audit — Hooks integration"],"fullName":"Audit — Hooks integration logs SIGN_UP when a user signs up","status":"passed","title":"logs SIGN_UP when a user signs up","duration":876.1463000000003,"failureMessages":[],"meta":{},"tags":[]},{"ancestorTitles":["Audit — Hooks integration"],"fullName":"Audit — Hooks integration logs USER_BAN when admin bans a user","status":"passed","title":"logs USER_BAN when admin bans a user","duration":582.7961999999998,"failureMessages":[],"meta":{},"tags":[]},{"ancestorTitles":["Audit — Hooks integration"],"fullName":"Audit — Hooks integration logs USER_ROLE_CHANGE when admin changes role","status":"passed","title":"logs USER_ROLE_CHANGE when admin changes role","duration":548.9164000000001,"failureMessages":[],"meta":{},"tags":[]},{"ancestorTitles":["Audit — Hooks integration"],"fullName":"Audit — Hooks integration does not log passwords in metadata","status":"passed","title":"does not log passwords in metadata","duration":899.9805999999999,"failureMessages":[],"meta":{},"tags":[]},{"ancestorTitles":["Audit — Hooks integration"],"fullName":"Audit — Hooks integration logs SIGN_IN_FAILED for bad credentials","status":"passed","title":"logs SIGN_IN_FAILED for bad credentials","duration":710.3455000000004,"failureMessages":[],"meta":{},"tags":[]},{"ancestorTitles":["Audit — Hooks integration"],"fullName":"Audit — Hooks integration filters metadata to SAFE_FIELDS only (no password in metadata)","status":"passed","title":"filters metadata to SAFE_FIELDS only (no password in metadata)","duration":700.5028999999995,"failureMessages":[],"meta":{},"tags":[]}],"startTime":1789919681479,"endTime":1789919685958.503,"status":"passed","message":"","name":"C:/Users/Utilisateur/Documents/t3code/atlaselle/tests/integration/audit.test.ts"},{"assertionResults":[{"ancestorTitles":["Auth — Forget & Reset Password"],"fullName":"Auth — Forget & Reset Password requestPasswordReset succeeds without error","status":"passed","title":"requestPasswordReset succeeds without error","duration":20.581199999999626,"failureMessages":[],"meta":{},"tags":[]},{"ancestorTitles":["Auth — Forget & Reset Password"],"fullName":"Auth — Forget & Reset Password requestPasswordReset for unknown email does not throw","status":"passed","title":"requestPasswordReset for unknown email does not throw","duration":13.847400000000107,"failureMessages":[],"meta":{},"tags":[]},{"ancestorTitles":["Auth — Change Password"],"fullName":"Auth — Change Password changePassword updates credentials","status":"passed","title":"changePassword updates credentials","duration":749.4641000000001,"failureMessages":[],"meta":{},"tags":[]},{"ancestorTitles":["Auth — Change Password"],"fullName":"Auth — Change Password changePassword rejects wrong current password","status":"passed","title":"changePassword rejects wrong current password","duration":392.8825999999999,"failureMessages":[],"meta":{},"tags":[]},{"ancestorTitles":["Auth — Email Verification"],"fullName":"Auth — Email Verification user starts as unverified after signUp","status":"passed","title":"user starts as unverified after signUp","duration":2.1994000000004235,"failureMessages":[],"meta":{},"tags":[]},{"ancestorTitles":["Auth — Email Verification"],"fullName":"Auth — Email Verification cannot sign in before email is verified","status":"passed","title":"cannot sign in before email is verified","duration":179.16380000000026,"failureMessages":[],"meta":{},"tags":[]},{"ancestorTitles":["Auth — Email Verification"],"fullName":"Auth — Email Verification can sign in after email is verified in DB","status":"passed","title":"can sign in after email is verified in DB","duration":193.4371999999994,"failureMessages":[],"meta":{},"tags":[]},{"ancestorTitles":["Auth — Update User"],"fullName":"Auth — Update User updateUser changes the user name","status":"passed","title":"updateUser changes the user name","duration":13.78269999999975,"failureMessages":[],"meta":{},"tags":[]},{"ancestorTitles":["Auth — Update User"],"fullName":"Auth — Update User updateUser changes the username","status":"passed","title":"updateUser changes the username","duration":15.070099999999911,"failureMessages":[],"meta":{},"tags":[]},{"ancestorTitles":["Auth — Update User"],"fullName":"Auth — Update User getSession reflects updated user data","status":"passed","title":"getSession reflects updated user data","duration":10.118600000000697,"failureMessages":[],"meta":{},"tags":[]}],"startTime":1789919686860,"endTime":1789919689308.1187,"status":"passed","message":"","name":"C:/Users/Utilisateur/Documents/t3code/atlaselle/tests/integration/auth-advanced.test.ts"},{"assertionResults":[{"ancestorTitles":["Auth — Sign-up & Sign-in flow"],"fullName":"Auth — Sign-up & Sign-in flow signUpEmail creates a new user (no session when emailVerification required)","status":"passed","title":"signUpEmail creates a new user (no session when emailVerification required)","duration":460.03790000000026,"failureMessages":[],"meta":{},"tags":[]},{"ancestorTitles":["Auth — Sign-up & Sign-in flow"],"fullName":"Auth — Sign-up & Sign-in flow signInEmail returns a session for valid credentials","status":"passed","title":"signInEmail returns a session for valid credentials","duration":195.44450000000006,"failureMessages":[],"meta":{},"tags":[]},{"ancestorTitles":["Auth — Sign-up & Sign-in flow"],"fullName":"Auth — Sign-up & Sign-in flow signInEmail rejects invalid password","status":"passed","title":"signInEmail rejects invalid password","duration":204.52430000000004,"failureMessages":[],"meta":{},"tags":[]},{"ancestorTitles":["Auth — Sign-up & Sign-in flow"],"fullName":"Auth — Sign-up & Sign-in flow signInEmail rejects non-existent email","status":"passed","title":"signInEmail rejects non-existent email","duration":176.2431000000006,"failureMessages":[],"meta":{},"tags":[]},{"ancestorTitles":["Auth — Sign-up & Sign-in flow"],"fullName":"Auth — Sign-up & Sign-in flow signOut invalidates the session","status":"passed","title":"signOut invalidates the session","duration":37.450699999999415,"failureMessages":[],"meta":{},"tags":[]}],"startTime":1789919689491,"endTime":1789919690565.4507,"status":"passed","message":"","name":"C:/Users/Utilisateur/Documents/t3code/atlaselle/tests/integration/auth-flow.test.ts"},{"assertionResults":[{"ancestorTitles":["Auth — Session & User"],"fullName":"Auth — Session & User creates a valid session via login()","status":"passed","title":"creates a valid session via login()","duration":51.610899999999674,"failureMessages":[],"meta":{},"tags":[]},{"ancestorTitles":["Auth — Session & User"],"fullName":"Auth — Session & User getSession returns user from auth headers","status":"passed","title":"getSession returns user from auth headers","duration":23.412599999999657,"failureMessages":[],"meta":{},"tags":[]},{"ancestorTitles":["Auth — Session & User"],"fullName":"Auth — Session & User getSession returns null for empty headers","status":"passed","title":"getSession returns null for empty headers","duration":2.0160000000000764,"failureMessages":[],"meta":{},"tags":[]},{"ancestorTitles":["Auth — Admin API"],"fullName":"Auth — Admin API admin can list users","status":"passed","title":"admin can list users","duration":24.138100000000122,"failureMessages":[],"meta":{},"tags":[]},{"ancestorTitles":["Auth — Admin API"],"fullName":"Auth — Admin API admin can ban and unban a user","status":"passed","title":"admin can ban and unban a user","duration":148.1556999999998,"failureMessages":[],"meta":{},"tags":[]},{"ancestorTitles":["Auth — Admin API"],"fullName":"Auth — Admin API admin can change user role","status":"passed","title":"admin can change user role","duration":42.239300000000185,"failureMessages":[],"meta":{},"tags":[]},{"ancestorTitles":["Auth — Admin API"],"fullName":"Auth — Admin API non-admin cannot list users","status":"passed","title":"non-admin cannot list users","duration":15.887199999999666,"failureMessages":[],"meta":{},"tags":[]},{"ancestorTitles":["Auth — Impersonation"],"fullName":"Auth — Impersonation admin can impersonate a user and stop","status":"passed","title":"admin can impersonate a user and stop","duration":17.85870000000068,"failureMessages":[],"meta":{},"tags":[]},{"ancestorTitles":["Auth — Impersonation"],"fullName":"Auth — Impersonation non-admin cannot impersonate","status":"passed","title":"non-admin cannot impersonate","duration":17.041700000000674,"failureMessages":[],"meta":{},"tags":[]},{"ancestorTitles":["Auth — User Deletion (RGPD)"],"fullName":"Auth — User Deletion (RGPD) admin can remove a user","status":"passed","title":"admin can remove a user","duration":35.15550000000076,"failureMessages":[],"meta":{},"tags":[]},{"ancestorTitles":["Auth — User Deletion (RGPD)"],"fullName":"Auth — User Deletion (RGPD) session is invalid after user deletion","status":"passed","title":"session is invalid after user deletion","duration":5.926000000000386,"failureMessages":[],"meta":{},"tags":[]}],"startTime":1789919692293,"endTime":1789919693002.926,"status":"passed","message":"","name":"C:/Users/Utilisateur/Documents/t3code/atlaselle/tests/integration/auth.test.ts"},{"assertionResults":[{"ancestorTitles":["Availability — holds & concurrence (real DB)"],"fullName":"Availability — holds & concurrence (real DB) holds the last seat then refuses the next","status":"skipped","title":"holds the last seat then refuses the next","failureMessages":[],"meta":{},"tags":[]},{"ancestorTitles":["Availability — holds & concurrence (real DB)"],"fullName":"Availability — holds & concurrence (real DB) lets exactly one concurrent buyer win the last seat","status":"skipped","title":"lets exactly one concurrent buyer win the last seat","failureMessages":[],"meta":{},"tags":[]},{"ancestorTitles":["Availability — holds & concurrence (real DB)"],"fullName":"Availability — holds & concurrence (real DB) expires outdated holds","status":"skipped","title":"expires outdated holds","failureMessages":[],"meta":{},"tags":[]}],"startTime":1789919640379,"endTime":1789919640379,"status":"failed","message":"","name":"C:/Users/Utilisateur/Documents/t3code/atlaselle/tests/integration/availability.test.ts"},{"assertionResults":[{"ancestorTitles":["blog actions — integration (real DB)"],"fullName":"blog actions — integration (real DB) listBlogPostRevisions returns revisions for a seeded post","status":"passed","title":"listBlogPostRevisions returns revisions for a seeded post","duration":34.57209999999941,"failureMessages":[],"meta":{},"tags":[]},{"ancestorTitles":["blog actions — integration (real DB)"],"fullName":"blog actions — integration (real DB) getBlogModerationQueue returns pending items","status":"passed","title":"getBlogModerationQueue returns pending items","duration":24.795900000000984,"failureMessages":[],"meta":{},"tags":[]},{"ancestorTitles":["blog actions — integration (real DB)"],"fullName":"blog actions — integration (real DB) updateBlogReport resolves a PENDING report and persists it","status":"passed","title":"updateBlogReport resolves a PENDING report and persists it","duration":91.1851999999999,"failureMessages":[],"meta":{},"tags":[]},{"ancestorTitles":["blog actions — integration (real DB)"],"fullName":"blog actions — integration (real DB) resolveBlogInternalLink resolves a real slug","status":"passed","title":"resolveBlogInternalLink resolves a real slug","duration":61.6304999999993,"failureMessages":[],"meta":{},"tags":[]},{"ancestorTitles":["blog actions — integration (real DB)"],"fullName":"blog actions — integration (real DB) resolveBlogInternalLink searches posts","status":"failed","title":"resolveBlogInternalLink searches posts","duration":7.771300000000338,"failureMessages":["AssertionError: expected 0 to be greater than 0\n    at C:/Users/Utilisateur/Documents/t3code/atlaselle/tests/integration/blog-actions.test.ts:204:32\n    at processTicksAndRejections (node:internal/process/task_queues:105:5)\n    at file:///C:/Users/Utilisateur/Documents/t3code/atlaselle/node_modules/.pnpm/@vitest+runner@4.1.11/node_modules/@vitest/runner/dist/chunk-artifact.js:1903:20"],"meta":{},"tags":[]},{"ancestorTitles":["blog actions — integration (real DB)"],"fullName":"blog actions — integration (real DB) checkBlogPostLinks returns a structured report for a real post","status":"passed","title":"checkBlogPostLinks returns a structured report for a real post","duration":109.6864999999998,"failureMessages":[],"meta":{},"tags":[]},{"ancestorTitles":["blog actions — integration (real DB)","recordBlogPostView (real DB, real cookies)"],"fullName":"blog actions — integration (real DB) recordBlogPostView (real DB, real cookies) increments viewCount and writes a view stat row for an anonymous visitor","status":"passed","title":"increments viewCount and writes a view stat row for an anonymous visitor","duration":19.377299999998286,"failureMessages":[],"meta":{},"tags":[]},{"ancestorTitles":["blog actions — integration (real DB)","recordBlogPostView (real DB, real cookies)"],"fullName":"blog actions — integration (real DB) recordBlogPostView (real DB, real cookies) attributes a logged-in view to the session id, not an anon cookie","status":"passed","title":"attributes a logged-in view to the session id, not an anon cookie","duration":8.713599999999133,"failureMessages":[],"meta":{},"tags":[]}],"startTime":1789919650769,"endTime":1789919651128.7136,"status":"failed","message":"","name":"C:/Users/Utilisateur/Documents/t3code/atlaselle/tests/integration/blog-actions.test.ts"},{"assertionResults":[{"ancestorTitles":["blog internal link resolver (integration)"],"fullName":"blog internal link resolver (integration) lists published blog post slugs (single-tenant)","status":"failed","title":"lists published blog post slugs (single-tenant)","duration":14.805299999999988,"failureMessages":["AssertionError: expected false to be true // Object.is equality\n    at C:/Users/Utilisateur/Documents/t3code/atlaselle/tests/integration/blog-internal-link.test.ts:21:42\n    at file:///C:/Users/Utilisateur/Documents/t3code/atlaselle/node_modules/.pnpm/@vitest+runner@4.1.11/node_modules/@vitest/runner/dist/chunk-artifact.js:302:11\n    at file:///C:/Users/Utilisateur/Documents/t3code/atlaselle/node_modules/.pnpm/@vitest+runner@4.1.11/node_modules/@vitest/runner/dist/chunk-artifact.js:1903:26\n    at file:///C:/Users/Utilisateur/Documents/t3code/atlaselle/node_modules/.pnpm/@vitest+runner@4.1.11/node_modules/@vitest/runner/dist/chunk-artifact.js:2326:20\n    at new Promise (<anonymous>)\n    at runWithCancel (file:///C:/Users/Utilisateur/Documents/t3code/atlaselle/node_modules/.pnpm/@vitest+runner@4.1.11/node_modules/@vitest/runner/dist/chunk-artifact.js:2323:10)\n    at file:///C:/Users/Utilisateur/Documents/t3code/atlaselle/node_modules/.pnpm/@vitest+runner@4.1.11/node_modules/@vitest/runner/dist/chunk-artifact.js:2305:20\n    at new Promise (<anonymous>)\n    at runWithTimeout (file:///C:/Users/Utilisateur/Documents/t3code/atlaselle/node_modules/.pnpm/@vitest+runner@4.1.11/node_modules/@vitest/runner/dist/chunk-artifact.js:2272:10)\n    at file:///C:/Users/Utilisateur/Documents/t3code/atlaselle/node_modules/.pnpm/@vitest+runner@4.1.11/node_modules/@vitest/runner/dist/chunk-artifact.js:2956:64"],"meta":{},"tags":[]},{"ancestorTitles":["blog internal link resolver (integration)"],"fullName":"blog internal link resolver (integration) resolver.listValidTargets matches getBlogValidLinkTargets","status":"failed","title":"resolver.listValidTargets matches getBlogValidLinkTargets","duration":2.0887000000002445,"failureMessages":["AssertionError: expected false to be true // Object.is equality\n    at C:/Users/Utilisateur/Documents/t3code/atlaselle/tests/integration/blog-internal-link.test.ts:29:44\n    at processTicksAndRejections (node:internal/process/task_queues:105:5)\n    at file:///C:/Users/Utilisateur/Documents/t3code/atlaselle/node_modules/.pnpm/@vitest+runner@4.1.11/node_modules/@vitest/runner/dist/chunk-artifact.js:1903:20"],"meta":{},"tags":[]},{"ancestorTitles":["blog internal link resolver (integration)"],"fullName":"blog internal link resolver (integration) resolver.resolve returns a published URL","status":"failed","title":"resolver.resolve returns a published URL","duration":9.672999999999774,"failureMessages":["AssertionError: expected false to be true // Object.is equality\n    at C:/Users/Utilisateur/Documents/t3code/atlaselle/tests/integration/blog-internal-link.test.ts:36:24\n    at processTicksAndRejections (node:internal/process/task_queues:105:5)\n    at file:///C:/Users/Utilisateur/Documents/t3code/atlaselle/node_modules/.pnpm/@vitest+runner@4.1.11/node_modules/@vitest/runner/dist/chunk-artifact.js:1903:20"],"meta":{},"tags":[]},{"ancestorTitles":["blog internal link resolver (integration)"],"fullName":"blog internal link resolver (integration) resolver.resolve reports missing targets","status":"passed","title":"resolver.resolve reports missing targets","duration":3.1921999999995023,"failureMessages":[],"meta":{},"tags":[]},{"ancestorTitles":["blog internal link resolver (integration)"],"fullName":"blog internal link resolver (integration) resolver.search finds posts by title","status":"failed","title":"resolver.search finds posts by title","duration":4.065900000000511,"failureMessages":["AssertionError: expected 0 to be greater than 0\n    at C:/Users/Utilisateur/Documents/t3code/atlaselle/tests/integration/blog-internal-link.test.ts:51:28\n    at processTicksAndRejections (node:internal/process/task_queues:105:5)\n    at file:///C:/Users/Utilisateur/Documents/t3code/atlaselle/node_modules/.pnpm/@vitest+runner@4.1.11/node_modules/@vitest/runner/dist/chunk-artifact.js:1903:20"],"meta":{},"tags":[]},{"ancestorTitles":["blog internal link resolver (integration)"],"fullName":"blog internal link resolver (integration) detectDeadInternalLinks flags a slug absent from validTargets","status":"passed","title":"detectDeadInternalLinks flags a slug absent from validTargets","duration":2.5242000000007465,"failureMessages":[],"meta":{},"tags":[]},{"ancestorTitles":["blog internal link resolver (integration)"],"fullName":"blog internal link resolver (integration) markDeadInternalLinks adds the dead-link class","status":"passed","title":"markDeadInternalLinks adds the dead-link class","duration":1.034599999999955,"failureMessages":[],"meta":{},"tags":[]},{"ancestorTitles":["blog internal link resolver (integration)"],"fullName":"blog internal link resolver (integration) valid internal links are not flagged","status":"failed","title":"valid internal links are not flagged","duration":3.045799999999872,"failureMessages":["AssertionError: expected [ { …(4) } ] to have a length of +0 but got 1\n    at Proxy.<anonymous> (file:///C:/Users/Utilisateur/Documents/t3code/atlaselle/node_modules/.pnpm/@vitest+expect@4.1.11/node_modules/@vitest/expect/dist/index.js:1389:20)\n    at Proxy.<anonymous> (file:///C:/Users/Utilisateur/Documents/t3code/atlaselle/node_modules/.pnpm/@vitest+expect@4.1.11/node_modules/@vitest/expect/dist/index.js:1156:15)\n    at Proxy.methodWrapper (file:///C:/Users/Utilisateur/Documents/t3code/atlaselle/node_modules/.pnpm/chai@6.2.2/node_modules/chai/index.js:1700:25)\n    at C:/Users/Utilisateur/Documents/t3code/atlaselle/tests/integration/blog-internal-link.test.ts:72:21\n    at file:///C:/Users/Utilisateur/Documents/t3code/atlaselle/node_modules/.pnpm/@vitest+runner@4.1.11/node_modules/@vitest/runner/dist/chunk-artifact.js:302:11\n    at file:///C:/Users/Utilisateur/Documents/t3code/atlaselle/node_modules/.pnpm/@vitest+runner@4.1.11/node_modules/@vitest/runner/dist/chunk-artifact.js:1903:26\n    at file:///C:/Users/Utilisateur/Documents/t3code/atlaselle/node_modules/.pnpm/@vitest+runner@4.1.11/node_modules/@vitest/runner/dist/chunk-artifact.js:2326:20\n    at new Promise (<anonymous>)\n    at runWithCancel (file:///C:/Users/Utilisateur/Documents/t3code/atlaselle/node_modules/.pnpm/@vitest+runner@4.1.11/node_modules/@vitest/runner/dist/chunk-artifact.js:2323:10)\n    at file:///C:/Users/Utilisateur/Documents/t3code/atlaselle/node_modules/.pnpm/@vitest+runner@4.1.11/node_modules/@vitest/runner/dist/chunk-artifact.js:2305:20"],"meta":{},"tags":[]}],"startTime":1789919676909,"endTime":1789919676950.046,"status":"failed","message":"","name":"C:/Users/Utilisateur/Documents/t3code/atlaselle/tests/integration/blog-internal-link.test.ts"},{"assertionResults":[{"ancestorTitles":["Booking tunnel — mock provider (real DB)"],"fullName":"Booking tunnel — mock provider (real DB) runs approved → checkout → payment → confirmation with hold conversion","status":"skipped","title":"runs approved → checkout → payment → confirmation with hold conversion","failureMessages":[],"meta":{},"tags":[]},{"ancestorTitles":["Booking tunnel — mock provider (real DB)"],"fullName":"Booking tunnel — mock provider (real DB) treats duplicate webhooks as idempotent","status":"skipped","title":"treats duplicate webhooks as idempotent","failureMessages":[],"meta":{},"tags":[]},{"ancestorTitles":["Booking tunnel — mock provider (real DB)"],"fullName":"Booking tunnel — mock provider (real DB) rejects amount mismatches","status":"skipped","title":"rejects amount mismatches","failureMessages":[],"meta":{},"tags":[]},{"ancestorTitles":["Booking tunnel — mock provider (real DB)"],"fullName":"Booking tunnel — mock provider (real DB) refunds a paid booking","status":"skipped","title":"refunds a paid booking","failureMessages":[],"meta":{},"tags":[]},{"ancestorTitles":["Booking tunnel — mock provider (real DB)"],"fullName":"Booking tunnel — mock provider (real DB) charges deposit first, then balance to completion","status":"skipped","title":"charges deposit first, then balance to completion","failureMessages":[],"meta":{},"tags":[]}],"startTime":1789919640379,"endTime":1789919640379,"status":"failed","message":"","name":"C:/Users/Utilisateur/Documents/t3code/atlaselle/tests/integration/booking-tunnel.test.ts"},{"assertionResults":[{"ancestorTitles":["Cancellation policy + auto-refund + expiry jobs (real DB)"],"fullName":"Cancellation policy + auto-refund + expiry jobs (real DB) auto-refunds 100% more than 45 days out","status":"skipped","title":"auto-refunds 100% more than 45 days out","failureMessages":[],"meta":{},"tags":[]},{"ancestorTitles":["Cancellation policy + auto-refund + expiry jobs (real DB)"],"fullName":"Cancellation policy + auto-refund + expiry jobs (real DB) auto-refunds 50% between 15 and 45 days","status":"skipped","title":"auto-refunds 50% between 15 and 45 days","failureMessages":[],"meta":{},"tags":[]},{"ancestorTitles":["Cancellation policy + auto-refund + expiry jobs (real DB)"],"fullName":"Cancellation policy + auto-refund + expiry jobs (real DB) cancels without refund under 15 days","status":"skipped","title":"cancels without refund under 15 days","failureMessages":[],"meta":{},"tags":[]},{"ancestorTitles":["Cancellation policy + auto-refund + expiry jobs (real DB)"],"fullName":"Cancellation policy + auto-refund + expiry jobs (real DB) expires stale undecided applications","status":"skipped","title":"expires stale undecided applications","failureMessages":[],"meta":{},"tags":[]},{"ancestorTitles":["Cancellation policy + auto-refund + expiry jobs (real DB)"],"fullName":"Cancellation policy + auto-refund + expiry jobs (real DB) moves confirmed past-due balances to balance_due","status":"skipped","title":"moves confirmed past-due balances to balance_due","failureMessages":[],"meta":{},"tags":[]}],"startTime":1789919640379,"endTime":1789919640379,"status":"failed","message":"","name":"C:/Users/Utilisateur/Documents/t3code/atlaselle/tests/integration/cancellation.test.ts"},{"assertionResults":[{"ancestorTitles":["CMS Admin — Pages"],"fullName":"CMS Admin — Pages creates a page","status":"passed","title":"creates a page","duration":144.4570000000001,"failureMessages":[],"meta":{},"tags":[]},{"ancestorTitles":["CMS Admin — Pages"],"fullName":"CMS Admin — Pages updates a page","status":"passed","title":"updates a page","duration":8.512300000000096,"failureMessages":[],"meta":{},"tags":[]},{"ancestorTitles":["CMS Admin — Pages"],"fullName":"CMS Admin — Pages enforces unique locale+slug constraint","status":"passed","title":"enforces unique locale+slug constraint","duration":12.179300000000012,"failureMessages":[],"meta":{},"tags":[]},{"ancestorTitles":["CMS Admin — Pages"],"fullName":"CMS Admin — Pages deletes a page","status":"passed","title":"deletes a page","duration":91.65949999999998,"failureMessages":[],"meta":{},"tags":[]},{"ancestorTitles":["CMS Admin — Sections"],"fullName":"CMS Admin — Sections creates a parent page then a section","status":"passed","title":"creates a parent page then a section","duration":21.74090000000001,"failureMessages":[],"meta":{},"tags":[]},{"ancestorTitles":["CMS Admin — Sections"],"fullName":"CMS Admin — Sections updates a section","status":"passed","title":"updates a section","duration":3.3992000000000644,"failureMessages":[],"meta":{},"tags":[]},{"ancestorTitles":["CMS Admin — Sections"],"fullName":"CMS Admin — Sections deletes a section","status":"passed","title":"deletes a section","duration":3.122100000000046,"failureMessages":[],"meta":{},"tags":[]},{"ancestorTitles":["CMS Admin — Themes"],"fullName":"CMS Admin — Themes creates a theme","status":"passed","title":"creates a theme","duration":4.789999999999964,"failureMessages":[],"meta":{},"tags":[]},{"ancestorTitles":["CMS Admin — Themes"],"fullName":"CMS Admin — Themes updates a theme with colors","status":"passed","title":"updates a theme with colors","duration":6.569899999999961,"failureMessages":[],"meta":{},"tags":[]},{"ancestorTitles":["CMS Admin — Themes"],"fullName":"CMS Admin — Themes activating a theme deactivates others","status":"passed","title":"activating a theme deactivates others","duration":6.4517000000000735,"failureMessages":[],"meta":{},"tags":[]},{"ancestorTitles":["CMS Admin — Themes"],"fullName":"CMS Admin — Themes deletes a theme","status":"passed","title":"deletes a theme","duration":3.0235000000000127,"failureMessages":[],"meta":{},"tags":[]},{"ancestorTitles":["CMS Admin — Social Links"],"fullName":"CMS Admin — Social Links creates a social link","status":"passed","title":"creates a social link","duration":3.3397999999999683,"failureMessages":[],"meta":{},"tags":[]},{"ancestorTitles":["CMS Admin — Social Links"],"fullName":"CMS Admin — Social Links updates a social link","status":"passed","title":"updates a social link","duration":5.879800000000159,"failureMessages":[],"meta":{},"tags":[]},{"ancestorTitles":["CMS Admin — Social Links"],"fullName":"CMS Admin — Social Links deletes a social link","status":"passed","title":"deletes a social link","duration":1.7175999999999476,"failureMessages":[],"meta":{},"tags":[]}],"startTime":1789919700904,"endTime":1789919701222.7175,"status":"passed","message":"","name":"C:/Users/Utilisateur/Documents/t3code/atlaselle/tests/integration/cms-admin.test.ts"},{"assertionResults":[{"ancestorTitles":["CMS content loaders (real DB)"],"fullName":"CMS content loaders (real DB) searchContent retourne [] sur requête vide","status":"passed","title":"searchContent retourne [] sur requête vide","duration":6.020800000000008,"failureMessages":[],"meta":{},"tags":[]},{"ancestorTitles":["CMS content loaders (real DB)"],"fullName":"CMS content loaders (real DB) searchContent répond sur un terme générique sans jeter (infra FTS requise)","status":"passed","title":"searchContent répond sur un terme générique sans jeter (infra FTS requise)","duration":193.64010000000007,"failureMessages":[],"meta":{},"tags":[]},{"ancestorTitles":["CMS content loaders (real DB)"],"fullName":"CMS content loaders (real DB) exportCmsContent exporte version 1","status":"passed","title":"exportCmsContent exporte version 1","duration":110.72209999999995,"failureMessages":[],"meta":{},"tags":[]}],"startTime":1789919700293,"endTime":1789919700603.7222,"status":"passed","message":"","name":"C:/Users/Utilisateur/Documents/t3code/atlaselle/tests/integration/cms-content.test.ts"},{"assertionResults":[{"ancestorTitles":["Consent CMS — Seed data"],"fullName":"Consent CMS — Seed data has exactly 4 consent rows (one per locale)","status":"passed","title":"has exactly 4 consent rows (one per locale)","duration":110.15370000000007,"failureMessages":[],"meta":{},"tags":[]},{"ancestorTitles":["Consent CMS — Seed data"],"fullName":"Consent CMS — Seed data locale fr has all required text fields populated","status":"passed","title":"locale fr has all required text fields populated","duration":8.288299999999936,"failureMessages":[],"meta":{},"tags":[]},{"ancestorTitles":["Consent CMS — Seed data"],"fullName":"Consent CMS — Seed data locale en has all required text fields populated","status":"passed","title":"locale en has all required text fields populated","duration":3.1322999999999865,"failureMessages":[],"meta":{},"tags":[]},{"ancestorTitles":["Consent CMS — Seed data"],"fullName":"Consent CMS — Seed data locale es has all required text fields populated","status":"passed","title":"locale es has all required text fields populated","duration":2.5091999999999643,"failureMessages":[],"meta":{},"tags":[]},{"ancestorTitles":["Consent CMS — Seed data"],"fullName":"Consent CMS — Seed data locale ar has all required text fields populated","status":"passed","title":"locale ar has all required text fields populated","duration":2.6100000000001273,"failureMessages":[],"meta":{},"tags":[]},{"ancestorTitles":["Consent CMS — Seed data"],"fullName":"Consent CMS — Seed data locale fr has correct privacy policy URL","status":"passed","title":"locale fr has correct privacy policy URL","duration":2.3269000000000233,"failureMessages":[],"meta":{},"tags":[]},{"ancestorTitles":["Consent CMS — Seed data"],"fullName":"Consent CMS — Seed data locale en has correct privacy policy URL","status":"passed","title":"locale en has correct privacy policy URL","duration":1.6211000000000695,"failureMessages":[],"meta":{},"tags":[]},{"ancestorTitles":["Consent CMS — Seed data"],"fullName":"Consent CMS — Seed data locale es has correct privacy policy URL","status":"passed","title":"locale es has correct privacy policy URL","duration":1.1851000000001477,"failureMessages":[],"meta":{},"tags":[]},{"ancestorTitles":["Consent CMS — Seed data"],"fullName":"Consent CMS — Seed data locale ar has correct privacy policy URL","status":"passed","title":"locale ar has correct privacy policy URL","duration":2.496099999999842,"failureMessages":[],"meta":{},"tags":[]},{"ancestorTitles":["Consent CMS — Seed data"],"fullName":"Consent CMS — Seed data locale fr has isActive=true","status":"passed","title":"locale fr has isActive=true","duration":2.294399999999996,"failureMessages":[],"meta":{},"tags":[]},{"ancestorTitles":["Consent CMS — Seed data"],"fullName":"Consent CMS — Seed data locale en has isActive=true","status":"passed","title":"locale en has isActive=true","duration":1.3527999999998883,"failureMessages":[],"meta":{},"tags":[]},{"ancestorTitles":["Consent CMS — Seed data"],"fullName":"Consent CMS — Seed data locale es has isActive=true","status":"passed","title":"locale es has isActive=true","duration":1.0312000000001262,"failureMessages":[],"meta":{},"tags":[]},{"ancestorTitles":["Consent CMS — Seed data"],"fullName":"Consent CMS — Seed data locale ar has isActive=true","status":"passed","title":"locale ar has isActive=true","duration":0.8985000000000127,"failureMessages":[],"meta":{},"tags":[]},{"ancestorTitles":["Consent CMS — getConsentSettings loader"],"fullName":"Consent CMS — getConsentSettings loader returns consent data for fr","status":"passed","title":"returns consent data for fr","duration":2.88370000000009,"failureMessages":[],"meta":{},"tags":[]},{"ancestorTitles":["Consent CMS — getConsentSettings loader"],"fullName":"Consent CMS — getConsentSettings loader returns consent data for en","status":"passed","title":"returns consent data for en","duration":1.789700000000039,"failureMessages":[],"meta":{},"tags":[]},{"ancestorTitles":["Consent CMS — getConsentSettings loader"],"fullName":"Consent CMS — getConsentSettings loader returns consent data for es","status":"passed","title":"returns consent data for es","duration":1.5189000000000306,"failureMessages":[],"meta":{},"tags":[]},{"ancestorTitles":["Consent CMS — getConsentSettings loader"],"fullName":"Consent CMS — getConsentSettings loader returns consent data for ar","status":"passed","title":"returns consent data for ar","duration":1.5472999999999502,"failureMessages":[],"meta":{},"tags":[]},{"ancestorTitles":["Consent CMS — getConsentSettings loader"],"fullName":"Consent CMS — getConsentSettings loader returns correct FR content","status":"passed","title":"returns correct FR content","duration":0.6607000000001335,"failureMessages":[],"meta":{},"tags":[]},{"ancestorTitles":["Consent CMS — getConsentSettings loader"],"fullName":"Consent CMS — getConsentSettings loader returns correct EN content","status":"passed","title":"returns correct EN content","duration":0.3932999999999538,"failureMessages":[],"meta":{},"tags":[]},{"ancestorTitles":["Consent CMS — getConsentSettings loader"],"fullName":"Consent CMS — getConsentSettings loader returns null for invalid locale","status":"passed","title":"returns null for invalid locale","duration":0.23730000000000473,"failureMessages":[],"meta":{},"tags":[]},{"ancestorTitles":["Consent CMS — getConsentSettings loader"],"fullName":"Consent CMS — getConsentSettings loader returns null for empty string","status":"passed","title":"returns null for empty string","duration":0.22820000000001528,"failureMessages":[],"meta":{},"tags":[]},{"ancestorTitles":["Consent CMS — DB operations"],"fullName":"Consent CMS — DB operations inserts a new consent row","status":"passed","title":"inserts a new consent row","duration":5.612800000000107,"failureMessages":[],"meta":{},"tags":[]},{"ancestorTitles":["Consent CMS — DB operations"],"fullName":"Consent CMS — DB operations updates a consent row","status":"passed","title":"updates a consent row","duration":5.0471,"failureMessages":[],"meta":{},"tags":[]},{"ancestorTitles":["Consent CMS — DB operations"],"fullName":"Consent CMS — DB operations enforces unique locale constraint","status":"passed","title":"enforces unique locale constraint","duration":7.751700000000028,"failureMessages":[],"meta":{},"tags":[]},{"ancestorTitles":["Consent CMS — DB operations"],"fullName":"Consent CMS — DB operations deletes a consent row","status":"passed","title":"deletes a consent row","duration":78.10249999999996,"failureMessages":[],"meta":{},"tags":[]}],"startTime":1789919702879,"endTime":1789919703127.1025,"status":"passed","message":"","name":"C:/Users/Utilisateur/Documents/t3code/atlaselle/tests/integration/consent-cms.test.ts"},{"assertionResults":[{"ancestorTitles":["/api/contact — integration pipeline"],"fullName":"/api/contact — integration pipeline validates and sanitises a well-formed contact submission","status":"passed","title":"validates and sanitises a well-formed contact submission","duration":12.912800000000061,"failureMessages":[],"meta":{},"tags":[]},{"ancestorTitles":["/api/contact — integration pipeline"],"fullName":"/api/contact — integration pipeline strips XSS from all text fields via DOMPurify","status":"passed","title":"strips XSS from all text fields via DOMPurify","duration":44.7519999999995,"failureMessages":[],"meta":{},"tags":[]},{"ancestorTitles":["/api/contact — integration pipeline"],"fullName":"/api/contact — integration pipeline rejects non-JSON body (simulated via invalid input)","status":"passed","title":"rejects non-JSON body (simulated via invalid input)","duration":0.8447000000005573,"failureMessages":[],"meta":{},"tags":[]},{"ancestorTitles":["/api/contact — integration pipeline"],"fullName":"/api/contact — integration pipeline rejects all 4 invalid locales","status":"passed","title":"rejects all 4 invalid locales","duration":3.8531999999995605,"failureMessages":[],"meta":{},"tags":[]},{"ancestorTitles":["/api/contact — integration pipeline"],"fullName":"/api/contact — integration pipeline accepts all 4 valid locales","status":"passed","title":"accepts all 4 valid locales","duration":4.291000000000167,"failureMessages":[],"meta":{},"tags":[]},{"ancestorTitles":["/api/contact — integration pipeline"],"fullName":"/api/contact — integration pipeline enforces rate limit: 3 per 300s per IP, then blocks","status":"passed","title":"enforces rate limit: 3 per 300s per IP, then blocks","duration":1.406699999999546,"failureMessages":[],"meta":{},"tags":[]},{"ancestorTitles":["/api/contact — integration pipeline"],"fullName":"/api/contact — integration pipeline uses tighter global bucket when no IP is available","status":"passed","title":"uses tighter global bucket when no IP is available","duration":1.1457000000000335,"failureMessages":[],"meta":{},"tags":[]},{"ancestorTitles":["/api/contact — integration pipeline"],"fullName":"/api/contact — integration pipeline extractIp uses x-forwarded-for when TRUST_PROXY=true","status":"passed","title":"extractIp uses x-forwarded-for when TRUST_PROXY=true","duration":4.487599999999475,"failureMessages":[],"meta":{},"tags":[]},{"ancestorTitles":["/api/contact — integration pipeline"],"fullName":"/api/contact — integration pipeline extractIp returns null when no proxy and no clientAddress","status":"passed","title":"extractIp returns null when no proxy and no clientAddress","duration":2.1055999999998676,"failureMessages":[],"meta":{},"tags":[]},{"ancestorTitles":["/api/contact — integration pipeline"],"fullName":"/api/contact — integration pipeline generates a complete email template from validated data","status":"passed","title":"generates a complete email template from validated data","duration":3.8450000000002547,"failureMessages":[],"meta":{},"tags":[]},{"ancestorTitles":["/api/contact — integration pipeline"],"fullName":"/api/contact — integration pipeline generates urgent email template with URGENT badge","status":"passed","title":"generates urgent email template with URGENT badge","duration":1.0336000000006607,"failureMessages":[],"meta":{},"tags":[]},{"ancestorTitles":["/api/contact — integration pipeline"],"fullName":"/api/contact — integration pipeline writes CONTACT_FORM_SUBMIT audit event to database","status":"passed","title":"writes CONTACT_FORM_SUBMIT audit event to database","duration":167.5015999999996,"failureMessages":[],"meta":{},"tags":[]},{"ancestorTitles":["/api/contact — integration pipeline"],"fullName":"/api/contact — integration pipeline end-to-end: XSS payload → sanitised → safe template → audit","status":"passed","title":"end-to-end: XSS payload → sanitised → safe template → audit","duration":19.600600000000668,"failureMessages":[],"meta":{},"tags":[]}],"startTime":1789919706802,"endTime":1789919707070.6006,"status":"passed","message":"","name":"C:/Users/Utilisateur/Documents/t3code/atlaselle/tests/integration/contact-api.test.ts"},{"assertionResults":[{"ancestorTitles":["Database — Health"],"fullName":"Database — Health checkConnection returns ok with valid latency","status":"passed","title":"checkConnection returns ok with valid latency","duration":134.73829999999998,"failureMessages":[],"meta":{},"tags":[]},{"ancestorTitles":["Database — Health"],"fullName":"Database — Health getDrizzle returns the same instance (singleton)","status":"passed","title":"getDrizzle returns the same instance (singleton)","duration":0.6739000000000033,"failureMessages":[],"meta":{},"tags":[]},{"ancestorTitles":["Database — Health"],"fullName":"Database — Health can execute a raw query via drizzle","status":"passed","title":"can execute a raw query via drizzle","duration":4.063699999999926,"failureMessages":[],"meta":{},"tags":[]},{"ancestorTitles":["Database — Health"],"fullName":"Database — Health getLazyDrizzle proxy delegates to current instance","status":"passed","title":"getLazyDrizzle proxy delegates to current instance","duration":1.3722999999999956,"failureMessages":[],"meta":{},"tags":[]}],"startTime":1789919704595,"endTime":1789919704735.3723,"status":"passed","message":"","name":"C:/Users/Utilisateur/Documents/t3code/atlaselle/tests/integration/db-health.test.ts"},{"assertionResults":[{"ancestorTitles":["Email worker — outbox → deliveries (real DB, stubbed SMTP)"],"fullName":"Email worker — outbox → deliveries (real DB, stubbed SMTP) sends application emails from outbox events","status":"skipped","title":"sends application emails from outbox events","failureMessages":[],"meta":{},"tags":[]},{"ancestorTitles":["Email worker — outbox → deliveries (real DB, stubbed SMTP)"],"fullName":"Email worker — outbox → deliveries (real DB, stubbed SMTP) skips unknown events (marked done, no email)","status":"skipped","title":"skips unknown events (marked done, no email)","failureMessages":[],"meta":{},"tags":[]},{"ancestorTitles":["Email worker — outbox → deliveries (real DB, stubbed SMTP)"],"fullName":"Email worker — outbox → deliveries (real DB, stubbed SMTP) sends balance reminders once (dedupe)","status":"skipped","title":"sends balance reminders once (dedupe)","failureMessages":[],"meta":{},"tags":[]},{"ancestorTitles":["Email worker — outbox → deliveries (real DB, stubbed SMTP)"],"fullName":"Email worker — outbox → deliveries (real DB, stubbed SMTP) sends pre-trip and post-trip reminders once","status":"skipped","title":"sends pre-trip and post-trip reminders once","failureMessages":[],"meta":{},"tags":[]},{"ancestorTitles":["Email worker — outbox → deliveries (real DB, stubbed SMTP)"],"fullName":"Email worker — outbox → deliveries (real DB, stubbed SMTP) records failed deliveries with events","status":"skipped","title":"records failed deliveries with events","failureMessages":[],"meta":{},"tags":[]},{"ancestorTitles":["Email worker — outbox → deliveries (real DB, stubbed SMTP)"],"fullName":"Email worker — outbox → deliveries (real DB, stubbed SMTP) dead-letters outbox events after max attempts","status":"skipped","title":"dead-letters outbox events after max attempts","failureMessages":[],"meta":{},"tags":[]},{"ancestorTitles":["Email worker — outbox → deliveries (real DB, stubbed SMTP)"],"fullName":"Email worker — outbox → deliveries (real DB, stubbed SMTP) requeues dead-letter events via action","status":"skipped","title":"requeues dead-letter events via action","failureMessages":[],"meta":{},"tags":[]}],"startTime":1789919640379,"endTime":1789919640379,"status":"failed","message":"","name":"C:/Users/Utilisateur/Documents/t3code/atlaselle/tests/integration/email-worker.test.ts"},{"assertionResults":[{"ancestorTitles":["API — /api/export-data"],"fullName":"API — /api/export-data returns null session for unauthenticated request","status":"passed","title":"returns null session for unauthenticated request","duration":42.23900000000003,"failureMessages":[],"meta":{},"tags":[]},{"ancestorTitles":["API — /api/export-data"],"fullName":"API — /api/export-data returns user data for authenticated request via auth.api","status":"passed","title":"returns user data for authenticated request via auth.api","duration":8.548699999999826,"failureMessages":[],"meta":{},"tags":[]},{"ancestorTitles":["API — /api/export-data"],"fullName":"API — /api/export-data export query returns accounts for the user","status":"passed","title":"export query returns accounts for the user","duration":5.944599999999809,"failureMessages":[],"meta":{},"tags":[]}],"startTime":1789919699085,"endTime":1789919699141.9446,"status":"passed","message":"","name":"C:/Users/Utilisateur/Documents/t3code/atlaselle/tests/integration/export.test.ts"},{"assertionResults":[{"ancestorTitles":["Itinerary, contents and FAQ admin (real DB)"],"fullName":"Itinerary, contents and FAQ admin (real DB) creates, translates, locks and deletes itinerary days","status":"passed","title":"creates, translates, locks and deletes itinerary days","duration":281.3118999999997,"failureMessages":[],"meta":{},"tags":[]},{"ancestorTitles":["Itinerary, contents and FAQ admin (real DB)"],"fullName":"Itinerary, contents and FAQ admin (real DB) manages highlights, inclusions and exclusions with validation","status":"passed","title":"manages highlights, inclusions and exclusions with validation","duration":75.9373999999998,"failureMessages":[],"meta":{},"tags":[]},{"ancestorTitles":["Itinerary, contents and FAQ admin (real DB)"],"fullName":"Itinerary, contents and FAQ admin (real DB) covers exclusion kind and optimistic lock on all content kinds","status":"passed","title":"covers exclusion kind and optimistic lock on all content kinds","duration":96.81930000000011,"failureMessages":[],"meta":{},"tags":[]},{"ancestorTitles":["Itinerary, contents and FAQ admin (real DB)"],"fullName":"Itinerary, contents and FAQ admin (real DB) creates, translates, links and unlinks FAQs","status":"passed","title":"creates, translates, links and unlinks FAQs","duration":58.62920000000031,"failureMessages":[],"meta":{},"tags":[]}],"startTime":1789919694712,"endTime":1789919695225.6292,"status":"passed","message":"","name":"C:/Users/Utilisateur/Documents/t3code/atlaselle/tests/integration/itinerary-contents-faq.test.ts"},{"assertionResults":[{"ancestorTitles":["Legal CMS — Seed data"],"fullName":"Legal CMS — Seed data has exactly 4 legal pages (one per locale)","status":"failed","title":"has exactly 4 legal pages (one per locale)","duration":126.09390000000008,"failureMessages":["AssertionError: expected [ { …(3) }, { …(3) }, { …(3) }, …(9) ] to have a length of 4 but got 12\n    at Proxy.<anonymous> (file:///C:/Users/Utilisateur/Documents/t3code/atlaselle/node_modules/.pnpm/@vitest+expect@4.1.11/node_modules/@vitest/expect/dist/index.js:1389:20)\n    at Proxy.<anonymous> (file:///C:/Users/Utilisateur/Documents/t3code/atlaselle/node_modules/.pnpm/@vitest+expect@4.1.11/node_modules/@vitest/expect/dist/index.js:1156:15)\n    at Proxy.methodWrapper (file:///C:/Users/Utilisateur/Documents/t3code/atlaselle/node_modules/.pnpm/chai@6.2.2/node_modules/chai/index.js:1700:25)\n    at C:/Users/Utilisateur/Documents/t3code/atlaselle/tests/integration/legal-cms.test.ts:31:18\n    at processTicksAndRejections (node:internal/process/task_queues:105:5)\n    at file:///C:/Users/Utilisateur/Documents/t3code/atlaselle/node_modules/.pnpm/@vitest+runner@4.1.11/node_modules/@vitest/runner/dist/chunk-artifact.js:1903:20"],"meta":{},"tags":[]},{"ancestorTitles":["Legal CMS — Seed data"],"fullName":"Legal CMS — Seed data locale fr has 3 FAQ sections","status":"passed","title":"locale fr has 3 FAQ sections","duration":11.143399999999929,"failureMessages":[],"meta":{},"tags":[]},{"ancestorTitles":["Legal CMS — Seed data"],"fullName":"Legal CMS — Seed data locale en has 3 FAQ sections","status":"passed","title":"locale en has 3 FAQ sections","duration":4.537699999999859,"failureMessages":[],"meta":{},"tags":[]},{"ancestorTitles":["Legal CMS — Seed data"],"fullName":"Legal CMS — Seed data locale es has 3 FAQ sections","status":"passed","title":"locale es has 3 FAQ sections","duration":6.8904,"failureMessages":[],"meta":{},"tags":[]},{"ancestorTitles":["Legal CMS — Seed data"],"fullName":"Legal CMS — Seed data locale ar has 3 FAQ sections","status":"passed","title":"locale ar has 3 FAQ sections","duration":4.45699999999988,"failureMessages":[],"meta":{},"tags":[]},{"ancestorTitles":["Legal CMS — Seed data"],"fullName":"Legal CMS — Seed data locale fr section content is valid JSON with items","status":"passed","title":"locale fr section content is valid JSON with items","duration":5.891199999999799,"failureMessages":[],"meta":{},"tags":[]},{"ancestorTitles":["Legal CMS — Seed data"],"fullName":"Legal CMS — Seed data locale en section content is valid JSON with items","status":"passed","title":"locale en section content is valid JSON with items","duration":4.5301999999999225,"failureMessages":[],"meta":{},"tags":[]},{"ancestorTitles":["Legal CMS — Seed data"],"fullName":"Legal CMS — Seed data locale es section content is valid JSON with items","status":"passed","title":"locale es section content is valid JSON with items","duration":4.484299999999848,"failureMessages":[],"meta":{},"tags":[]},{"ancestorTitles":["Legal CMS — Seed data"],"fullName":"Legal CMS — Seed data locale ar section content is valid JSON with items","status":"passed","title":"locale ar section content is valid JSON with items","duration":4.668300000000045,"failureMessages":[],"meta":{},"tags":[]},{"ancestorTitles":["Legal CMS — getPage loader"],"fullName":"Legal CMS — getPage loader loads published legal page for fr","status":"passed","title":"loads published legal page for fr","duration":7.613800000000083,"failureMessages":[],"meta":{},"tags":[]},{"ancestorTitles":["Legal CMS — getPage loader"],"fullName":"Legal CMS — getPage loader loads published legal page for en","status":"passed","title":"loads published legal page for en","duration":3.4243000000001302,"failureMessages":[],"meta":{},"tags":[]},{"ancestorTitles":["Legal CMS — getPage loader"],"fullName":"Legal CMS — getPage loader loads published legal page for es","status":"passed","title":"loads published legal page for es","duration":3.630999999999858,"failureMessages":[],"meta":{},"tags":[]},{"ancestorTitles":["Legal CMS — getPage loader"],"fullName":"Legal CMS — getPage loader loads published legal page for ar","status":"passed","title":"loads published legal page for ar","duration":3.322800000000143,"failureMessages":[],"meta":{},"tags":[]},{"ancestorTitles":["Legal CMS — getPage loader"],"fullName":"Legal CMS — getPage loader returns 3 visible sections for fr","status":"passed","title":"returns 3 visible sections for fr","duration":1.7473999999999705,"failureMessages":[],"meta":{},"tags":[]},{"ancestorTitles":["Legal CMS — getPage loader"],"fullName":"Legal CMS — getPage loader returns 3 visible sections for en","status":"passed","title":"returns 3 visible sections for en","duration":0.4762000000000626,"failureMessages":[],"meta":{},"tags":[]},{"ancestorTitles":["Legal CMS — getPage loader"],"fullName":"Legal CMS — getPage loader returns 3 visible sections for es","status":"passed","title":"returns 3 visible sections for es","duration":0.43260000000009313,"failureMessages":[],"meta":{},"tags":[]},{"ancestorTitles":["Legal CMS — getPage loader"],"fullName":"Legal CMS — getPage loader returns 3 visible sections for ar","status":"passed","title":"returns 3 visible sections for ar","duration":0.6114999999999782,"failureMessages":[],"meta":{},"tags":[]},{"ancestorTitles":["Legal CMS — getPage loader"],"fullName":"Legal CMS — getPage loader returns null for non-existent slug","status":"passed","title":"returns null for non-existent slug","duration":1.8666000000000622,"failureMessages":[],"meta":{},"tags":[]},{"ancestorTitles":["Legal CMS — getPage loader"],"fullName":"Legal CMS — getPage loader returns null for invalid locale","status":"passed","title":"returns null for invalid locale","duration":0.31970000000001164,"failureMessages":[],"meta":{},"tags":[]}],"startTime":1789919676235,"endTime":1789919676432.3196,"status":"failed","message":"","name":"C:/Users/Utilisateur/Documents/t3code/atlaselle/tests/integration/legal-cms.test.ts"},{"assertionResults":[{"ancestorTitles":["Middleware logic — getSession with headers"],"fullName":"Middleware logic — getSession with headers returns user and session for authenticated headers","status":"passed","title":"returns user and session for authenticated headers","duration":65.52269999999999,"failureMessages":[],"meta":{},"tags":[]},{"ancestorTitles":["Middleware logic — getSession with headers"],"fullName":"Middleware logic — getSession with headers returns null for empty headers (unauthenticated)","status":"passed","title":"returns null for empty headers (unauthenticated)","duration":2.1707000000001244,"failureMessages":[],"meta":{},"tags":[]},{"ancestorTitles":["Middleware logic — getSession with headers"],"fullName":"Middleware logic — getSession with headers returns null for invalid auth token","status":"passed","title":"returns null for invalid auth token","duration":1.9855999999999767,"failureMessages":[],"meta":{},"tags":[]},{"ancestorTitles":["Middleware logic — getSession with headers"],"fullName":"Middleware logic — getSession with headers returns null for expired/revoked session","status":"passed","title":"returns null for expired/revoked session","duration":210.6877999999997,"failureMessages":[],"meta":{},"tags":[]}],"startTime":1789919699026,"endTime":1789919699306.6877,"status":"passed","message":"","name":"C:/Users/Utilisateur/Documents/t3code/atlaselle/tests/integration/middleware.test.ts"},{"assertionResults":[{"ancestorTitles":["assertNoCycle — navigation hierarchy"],"fullName":"assertNoCycle — navigation hierarchy throws when item is its own parent","status":"passed","title":"throws when item is its own parent","duration":21.520099999999957,"failureMessages":[],"meta":{},"tags":[]},{"ancestorTitles":["assertNoCycle — navigation hierarchy"],"fullName":"assertNoCycle — navigation hierarchy allows a valid parent-child relationship","status":"passed","title":"allows a valid parent-child relationship","duration":15.433500000000095,"failureMessages":[],"meta":{},"tags":[]},{"ancestorTitles":["assertNoCycle — navigation hierarchy"],"fullName":"assertNoCycle — navigation hierarchy detects A→B→A cycle","status":"passed","title":"detects A→B→A cycle","duration":7.70010000000002,"failureMessages":[],"meta":{},"tags":[]},{"ancestorTitles":["assertNoCycle — navigation hierarchy"],"fullName":"assertNoCycle — navigation hierarchy detects A→B→C→A three-node cycle","status":"passed","title":"detects A→B→C→A three-node cycle","duration":8.838400000000092,"failureMessages":[],"meta":{},"tags":[]},{"ancestorTitles":["assertNoCycle — navigation hierarchy"],"fullName":"assertNoCycle — navigation hierarchy allows reassigning parent to a non-ancestor node","status":"passed","title":"allows reassigning parent to a non-ancestor node","duration":6.39650000000006,"failureMessages":[],"meta":{},"tags":[]},{"ancestorTitles":["assertNoCycle — navigation hierarchy"],"fullName":"assertNoCycle — navigation hierarchy handles parentId pointing to non-existent item (no crash)","status":"passed","title":"handles parentId pointing to non-existent item (no crash)","duration":3.4359000000001743,"failureMessages":[],"meta":{},"tags":[]}],"startTime":1789919704144,"endTime":1789919704207.4358,"status":"passed","message":"","name":"C:/Users/Utilisateur/Documents/t3code/atlaselle/tests/integration/navigation-cycle.test.ts"},{"assertionResults":[{"ancestorTitles":["Payments endpoints (mock provider by default)"],"fullName":"Payments endpoints (mock provider by default) rejects Stripe webhooks when provider is mock","status":"skipped","title":"rejects Stripe webhooks when provider is mock","failureMessages":[],"meta":{},"tags":[]},{"ancestorTitles":["Payments endpoints (mock provider by default)"],"fullName":"Payments endpoints (mock provider by default) rejects invalid Stripe signatures with 400","status":"skipped","title":"rejects invalid Stripe signatures with 400","failureMessages":[],"meta":{},"tags":[]},{"ancestorTitles":["Payments endpoints (mock provider by default)"],"fullName":"Payments endpoints (mock provider by default) processes unknown Stripe events as 200 without side effects","status":"skipped","title":"processes unknown Stripe events as 200 without side effects","failureMessages":[],"meta":{},"tags":[]},{"ancestorTitles":["Payments endpoints (mock provider by default)"],"fullName":"Payments endpoints (mock provider by default) runs the mock callback end to end (302 + confirmed)","status":"skipped","title":"runs the mock callback end to end (302 + confirmed)","failureMessages":[],"meta":{},"tags":[]},{"ancestorTitles":["Payments endpoints (mock provider by default)"],"fullName":"Payments endpoints (mock provider by default) returns 404 for unknown mock sessions and non-mock providers","status":"skipped","title":"returns 404 for unknown mock sessions and non-mock providers","failureMessages":[],"meta":{},"tags":[]}],"startTime":1789919640379,"endTime":1789919640379,"status":"failed","message":"","name":"C:/Users/Utilisateur/Documents/t3code/atlaselle/tests/integration/payments-endpoints.test.ts"},{"assertionResults":[{"ancestorTitles":["Repositories — lectures isolées par module (real DB)"],"fullName":"Repositories — lectures isolées par module (real DB) getDepartureById retourne le départ","status":"skipped","title":"getDepartureById retourne le départ","failureMessages":[],"meta":{},"tags":[]},{"ancestorTitles":["Repositories — lectures isolées par module (real DB)"],"fullName":"Repositories — lectures isolées par module (real DB) getActiveHoldsByDeparture + countConfirmedByDeparture","status":"skipped","title":"getActiveHoldsByDeparture + countConfirmedByDeparture","failureMessages":[],"meta":{},"tags":[]},{"ancestorTitles":["Repositories — lectures isolées par module (real DB)"],"fullName":"Repositories — lectures isolées par module (real DB) lockDepartureForUpdate verrouille dans une transaction","status":"skipped","title":"lockDepartureForUpdate verrouille dans une transaction","failureMessages":[],"meta":{},"tags":[]},{"ancestorTitles":["Repositories — lectures isolées par module (real DB)"],"fullName":"Repositories — lectures isolées par module (real DB) getTripTitle retourne null sans traduction","status":"skipped","title":"getTripTitle retourne null sans traduction","failureMessages":[],"meta":{},"tags":[]}],"startTime":1789919640379,"endTime":1789919640379,"status":"failed","message":"","name":"C:/Users/Utilisateur/Documents/t3code/atlaselle/tests/integration/repositories.test.ts"},{"assertionResults":[{"ancestorTitles":["Sitemap CMS — voyages"],"fullName":"Sitemap CMS — voyages lists published trips with localized detail URLs","status":"passed","title":"lists published trips with localized detail URLs","duration":1048.0207,"failureMessages":[],"meta":{},"tags":[]},{"ancestorTitles":["Sitemap CMS — voyages"],"fullName":"Sitemap CMS — voyages lists CMS legal pages with ASCII slugs in all locales","status":"passed","title":"lists CMS legal pages with ASCII slugs in all locales","duration":52.426000000000386,"failureMessages":[],"meta":{},"tags":[]}],"startTime":1789919645157,"endTime":1789919646257.426,"status":"passed","message":"","name":"C:/Users/Utilisateur/Documents/t3code/atlaselle/tests/integration/sitemap.test.ts"},{"assertionResults":[{"ancestorTitles":["Trip loaders (DB voyage)"],"fullName":"Trip loaders (DB voyage) loads a published trip page in French","status":"skipped","title":"loads a published trip page in French","failureMessages":[],"meta":{},"tags":[]},{"ancestorTitles":["Trip loaders (DB voyage)"],"fullName":"Trip loaders (DB voyage) returns null for unknown slugs and locales","status":"skipped","title":"returns null for unknown slugs and locales","failureMessages":[],"meta":{},"tags":[]},{"ancestorTitles":["Trip loaders (DB voyage)"],"fullName":"Trip loaders (DB voyage) lists published trips with visible translations","status":"skipped","title":"lists published trips with visible translations","failureMessages":[],"meta":{},"tags":[]}],"startTime":1789919640379,"endTime":1789919640379,"status":"failed","message":"","name":"C:/Users/Utilisateur/Documents/t3code/atlaselle/tests/integration/trip-loader.test.ts"},{"assertionResults":[{"ancestorTitles":["Voyage action error paths (real DB)"],"fullName":"Voyage action error paths (real DB) updateTrip validates existence and group bounds","status":"skipped","title":"updateTrip validates existence and group bounds","failureMessages":[],"meta":{},"tags":[]},{"ancestorTitles":["Voyage action error paths (real DB)"],"fullName":"Voyage action error paths (real DB) upsertTripTranslation requires an existing trip","status":"skipped","title":"upsertTripTranslation requires an existing trip","failureMessages":[],"meta":{},"tags":[]},{"ancestorTitles":["Voyage action error paths (real DB)"],"fullName":"Voyage action error paths (real DB) createDeparture validates dates and capacity","status":"skipped","title":"createDeparture validates dates and capacity","failureMessages":[],"meta":{},"tags":[]},{"ancestorTitles":["Voyage action error paths (real DB)"],"fullName":"Voyage action error paths (real DB) setDepartureStatus rejects illegal transitions","status":"skipped","title":"setDepartureStatus rejects illegal transitions","failureMessages":[],"meta":{},"tags":[]},{"ancestorTitles":["Voyage action error paths (real DB)"],"fullName":"Voyage action error paths (real DB) updateDeparture rejects unknown departures","status":"skipped","title":"updateDeparture rejects unknown departures","failureMessages":[],"meta":{},"tags":[]},{"ancestorTitles":["Voyage action error paths (real DB)"],"fullName":"Voyage action error paths (real DB) review supports contact_required with event","status":"skipped","title":"review supports contact_required with event","failureMessages":[],"meta":{},"tags":[]},{"ancestorTitles":["Voyage action error paths (real DB)"],"fullName":"Voyage action error paths (real DB) review rejects decisions on draft applications","status":"skipped","title":"review rejects decisions on draft applications","failureMessages":[],"meta":{},"tags":[]},{"ancestorTitles":["Voyage action error paths (real DB)"],"fullName":"Voyage action error paths (real DB) requireAccount trips demand a verified matching user","status":"skipped","title":"requireAccount trips demand a verified matching user","failureMessages":[],"meta":{},"tags":[]},{"ancestorTitles":["Voyage action error paths (real DB)"],"fullName":"Voyage action error paths (real DB) initiateCheckout rejects bad sessions, mismatched emails and doubles","status":"skipped","title":"initiateCheckout rejects bad sessions, mismatched emails and doubles","failureMessages":[],"meta":{},"tags":[]},{"ancestorTitles":["Voyage action error paths (real DB)"],"fullName":"Voyage action error paths (real DB) payBalance rejects unknown, settled and mismatched bookings","status":"skipped","title":"payBalance rejects unknown, settled and mismatched bookings","failureMessages":[],"meta":{},"tags":[]},{"ancestorTitles":["Voyage action error paths (real DB)"],"fullName":"Voyage action error paths (real DB) refund validates reservation, payment and amount","status":"skipped","title":"refund validates reservation, payment and amount","failureMessages":[],"meta":{},"tags":[]},{"ancestorTitles":["Voyage action error paths (real DB)"],"fullName":"Voyage action error paths (real DB) failPaymentByProviderId marks payments failed","status":"skipped","title":"failPaymentByProviderId marks payments failed","failureMessages":[],"meta":{},"tags":[]},{"ancestorTitles":["Voyage action error paths (real DB)"],"fullName":"Voyage action error paths (real DB) getValidCheckoutSession expires outdated sessions","status":"skipped","title":"getValidCheckoutSession expires outdated sessions","failureMessages":[],"meta":{},"tags":[]},{"ancestorTitles":["Voyage action error paths (real DB)"],"fullName":"Voyage action error paths (real DB) closed departures are not bookable","status":"skipped","title":"closed departures are not bookable","failureMessages":[],"meta":{},"tags":[]}],"startTime":1789919640379,"endTime":1789919640379,"status":"failed","message":"","name":"C:/Users/Utilisateur/Documents/t3code/atlaselle/tests/integration/voyage-action-errors.test.ts"},{"assertionResults":[{"ancestorTitles":["actions manquantes — policies, travelers, outbox, email, itinerary, faq, contents"],"fullName":"actions manquantes — policies, travelers, outbox, email, itinerary, faq, contents policies : NOT_FOUND doc, version +1, publish NOT_FOUND + champs","status":"passed","title":"policies : NOT_FOUND doc, version +1, publish NOT_FOUND + champs","duration":215.34209999999985,"failureMessages":[],"meta":{},"tags":[]},{"ancestorTitles":["actions manquantes — policies, travelers, outbox, email, itinerary, faq, contents"],"fullName":"actions manquantes — policies, travelers, outbox, email, itinerary, faq, contents travelers : NOT_FOUND, apps/res non-vides, anonymize conflits et nulls","status":"passed","title":"travelers : NOT_FOUND, apps/res non-vides, anonymize conflits et nulls","duration":187.96550000000025,"failureMessages":[],"meta":{},"tags":[]},{"ancestorTitles":["actions manquantes — policies, travelers, outbox, email, itinerary, faq, contents"],"fullName":"actions manquantes — policies, travelers, outbox, email, itinerary, faq, contents outbox : NOT_FOUND id inexistant","status":"passed","title":"outbox : NOT_FOUND id inexistant","duration":9.634799999999814,"failureMessages":[],"meta":{},"tags":[]},{"ancestorTitles":["actions manquantes — policies, travelers, outbox, email, itinerary, faq, contents"],"fullName":"actions manquantes — policies, travelers, outbox, email, itinerary, faq, contents email : NOT_FOUND, BAD_REQUEST non-failed, dead_letter happy","status":"passed","title":"email : NOT_FOUND, BAD_REQUEST non-failed, dead_letter happy","duration":37.522399999999834,"failureMessages":[],"meta":{},"tags":[]},{"ancestorTitles":["actions manquantes — policies, travelers, outbox, email, itinerary, faq, contents"],"fullName":"actions manquantes — policies, travelers, outbox, email, itinerary, faq, contents itinerary : NOT_FOUND trip, update NOT_FOUND, delete silencieux","status":"passed","title":"itinerary : NOT_FOUND trip, update NOT_FOUND, delete silencieux","duration":17.799799999999777,"failureMessages":[],"meta":{},"tags":[]},{"ancestorTitles":["actions manquantes — policies, travelers, outbox, email, itinerary, faq, contents"],"fullName":"actions manquantes — policies, travelers, outbox, email, itinerary, faq, contents faq sans tripId, trip inconnu sans orphelin, link double, contents delete inclusion/exclusion","status":"passed","title":"faq sans tripId, trip inconnu sans orphelin, link double, contents delete inclusion/exclusion","duration":69.03430000000026,"failureMessages":[],"meta":{},"tags":[]}],"startTime":1789919693298,"endTime":1789919693837.0342,"status":"passed","message":"","name":"C:/Users/Utilisateur/Documents/t3code/atlaselle/tests/integration/voyage-actions-missing.test.ts"},{"assertionResults":[{"ancestorTitles":["submitApplication — fermetures, délais, comptes, rate-limit"],"fullName":"submitApplication — fermetures, délais, comptes, rate-limit rate-limit après 5 essais (même IP)","status":"skipped","title":"rate-limit après 5 essais (même IP)","failureMessages":[],"meta":{},"tags":[]},{"ancestorTitles":["submitApplication — fermetures, délais, comptes, rate-limit"],"fullName":"submitApplication — fermetures, délais, comptes, rate-limit voyage draft/inconnu -> APPLICATION_CLOSED, départ mismatch -> NOT_FOUND","status":"skipped","title":"voyage draft/inconnu -> APPLICATION_CLOSED, départ mismatch -> NOT_FOUND","failureMessages":[],"meta":{},"tags":[]},{"ancestorTitles":["submitApplication — fermetures, délais, comptes, rate-limit"],"fullName":"submitApplication — fermetures, délais, comptes, rate-limit statuts fermés draft/closed/cancelled/completed -> APPLICATION_CLOSED + deadline passée","status":"skipped","title":"statuts fermés draft/closed/cancelled/completed -> APPLICATION_CLOSED + deadline passée","failureMessages":[],"meta":{},"tags":[]},{"ancestorTitles":["submitApplication — fermetures, délais, comptes, rate-limit"],"fullName":"submitApplication — fermetures, délais, comptes, rate-limit compte obligatoire : UNAUTHORIZED sans session, FORBIDDEN email différent","status":"skipped","title":"compte obligatoire : UNAUTHORIZED sans session, FORBIDDEN email différent","failureMessages":[],"meta":{},"tags":[]},{"ancestorTitles":["submitApplication — fermetures, délais, comptes, rate-limit"],"fullName":"submitApplication — fermetures, délais, comptes, rate-limit doublon actif -> CONFLICT, après withdraw -> nouvelle candidature OK","status":"skipped","title":"doublon actif -> CONFLICT, après withdraw -> nouvelle candidature OK","failureMessages":[],"meta":{},"tags":[]},{"ancestorTitles":["submitApplication — fermetures, délais, comptes, rate-limit"],"fullName":"submitApplication — fermetures, délais, comptes, rate-limit deux candidatures simultanées même email -> une passe, une EMAIL_CONFLICT","status":"skipped","title":"deux candidatures simultanées même email -> une passe, une EMAIL_CONFLICT","failureMessages":[],"meta":{},"tags":[]},{"ancestorTitles":["submitApplication — fermetures, délais, comptes, rate-limit"],"fullName":"submitApplication — fermetures, délais, comptes, rate-limit deux candidatures simultanées voyageur vérifié -> une passe, une DUPLICATE (garde anti-course)","status":"skipped","title":"deux candidatures simultanées voyageur vérifié -> une passe, une DUPLICATE (garde anti-course)","failureMessages":[],"meta":{},"tags":[]},{"ancestorTitles":["review/withdraw — décisions et retraits"],"fullName":"review/withdraw — décisions et retraits review NOT_FOUND, approved happy + checkout TTL 7j, declined + event","status":"skipped","title":"review NOT_FOUND, approved happy + checkout TTL 7j, declined + event","failureMessages":[],"meta":{},"tags":[]},{"ancestorTitles":["review/withdraw — décisions et retraits"],"fullName":"review/withdraw — décisions et retraits review depuis contact_required, refus depuis approved","status":"skipped","title":"review depuis contact_required, refus depuis approved","failureMessages":[],"meta":{},"tags":[]},{"ancestorTitles":["review/withdraw — décisions et retraits"],"fullName":"review/withdraw — décisions et retraits withdraw NOT_FOUND, FORBIDDEN email, happy puis double -> erreur","status":"skipped","title":"withdraw NOT_FOUND, FORBIDDEN email, happy puis double -> erreur","failureMessages":[],"meta":{},"tags":[]},{"ancestorTitles":["checkout initiate 
[...]
/texte complets et localisés","duration":0.5454999999999472,"failureMessages":[],"meta":{},"tags":[]},{"ancestorTitles":["voyage email templates — matrice 12×4"],"fullName":"voyage email templates — matrice 12×4 booking_confirmed [es] rend sujet/html/texte complets et localisés","status":"passed","title":"booking_confirmed [es] rend sujet/html/texte complets et localisés","duration":0.5398000000000138,"failureMessages":[],"meta":{},"tags":[]},{"ancestorTitles":["voyage email templates — matrice 12×4"],"fullName":"voyage email templates — matrice 12×4 booking_confirmed [ar] rend sujet/html/texte complets et localisés","status":"passed","title":"booking_confirmed [ar] rend sujet/html/texte complets et localisés","duration":0.7976999999998498,"failureMessages":[],"meta":{},"tags":[]},{"ancestorTitles":["voyage email templates — matrice 12×4"],"fullName":"voyage email templates — matrice 12×4 balance_due [fr] rend sujet/html/texte complets et localisés","status":"passed","title":"balance_due [fr] rend sujet/html/texte complets et localisés","duration":0.5805000000000291,"failureMessages":[],"meta":{},"tags":[]},{"ancestorTitles":["voyage email templates — matrice 12×4"],"fullName":"voyage email templates — matrice 12×4 balance_due [en] rend sujet/html/texte complets et localisés","status":"passed","title":"balance_due [en] rend sujet/html/texte complets et localisés","duration":0.6615000000001601,"failureMessages":[],"meta":{},"tags":[]},{"ancestorTitles":["voyage email templates — matrice 12×4"],"fullName":"voyage email templates — matrice 12×4 balance_due [es] rend sujet/html/texte complets et localisés","status":"passed","title":"balance_due [es] rend sujet/html/texte complets et localisés","duration":1.332400000000007,"failureMessages":[],"meta":{},"tags":[]},{"ancestorTitles":["voyage email templates — matrice 12×4"],"fullName":"voyage email templates — matrice 12×4 balance_due [ar] rend sujet/html/texte complets et localisés","status":"passed","title":"balance_due [ar] rend sujet/html/texte complets et localisés","duration":0.5814000000000306,"failureMessages":[],"meta":{},"tags":[]},{"ancestorTitles":["voyage email templates — matrice 12×4"],"fullName":"voyage email templates — matrice 12×4 balance_reminder [fr] rend sujet/html/texte complets et localisés","status":"passed","title":"balance_reminder [fr] rend sujet/html/texte complets et localisés","duration":0.5618999999999232,"failureMessages":[],"meta":{},"tags":[]},{"ancestorTitles":["voyage email templates — matrice 12×4"],"fullName":"voyage email templates — matrice 12×4 balance_reminder [en] rend sujet/html/texte complets et localisés","status":"passed","title":"balance_reminder [en] rend sujet/html/texte complets et localisés","duration":0.5420000000001437,"failureMessages":[],"meta":{},"tags":[]},{"ancestorTitles":["voyage email templates — matrice 12×4"],"fullName":"voyage email templates — matrice 12×4 balance_reminder [es] rend sujet/html/texte complets et localisés","status":"passed","title":"balance_reminder [es] rend sujet/html/texte complets et localisés","duration":0.5579999999999927,"failureMessages":[],"meta":{},"tags":[]},{"ancestorTitles":["voyage email templates — matrice 12×4"],"fullName":"voyage email templates — matrice 12×4 balance_reminder [ar] rend sujet/html/texte complets et localisés","status":"passed","title":"balance_reminder [ar] rend sujet/html/texte complets et localisés","duration":0.5437999999999192,"failureMessages":[],"meta":{},"tags":[]},{"ancestorTitles":["voyage email templates — matrice 12×4"],"fullName":"voyage email templates — matrice 12×4 pre_trip_preparation [fr] rend sujet/html/texte complets et localisés","status":"passed","title":"pre_trip_preparation [fr] rend sujet/html/texte complets et localisés","duration":0.5525000000000091,"failureMessages":[],"meta":{},"tags":[]},{"ancestorTitles":["voyage email templates — matrice 12×4"],"fullName":"voyage email templates — matrice 12×4 pre_trip_preparation [en] rend sujet/html/texte complets et localisés","status":"passed","title":"pre_trip_preparation [en] rend sujet/html/texte complets et localisés","duration":0.5358999999998559,"failureMessages":[],"meta":{},"tags":[]},{"ancestorTitles":["voyage email templates — matrice 12×4"],"fullName":"voyage email templates — matrice 12×4 pre_trip_preparation [es] rend sujet/html/texte complets et localisés","status":"passed","title":"pre_trip_preparation [es] rend sujet/html/texte complets et localisés","duration":0.5480999999999767,"failureMessages":[],"meta":{},"tags":[]},{"ancestorTitles":["voyage email templates — matrice 12×4"],"fullName":"voyage email templates — matrice 12×4 pre_trip_preparation [ar] rend sujet/html/texte complets et localisés","status":"passed","title":"pre_trip_preparation [ar] rend sujet/html/texte complets et localisés","duration":0.5354999999999563,"failureMessages":[],"meta":{},"tags":[]},{"ancestorTitles":["voyage email templates — matrice 12×4"],"fullName":"voyage email templates — matrice 12×4 pre_trip_reminder [fr] rend sujet/html/texte complets et localisés","status":"passed","title":"pre_trip_reminder [fr] rend sujet/html/texte complets et localisés","duration":0.5492999999999029,"failureMessages":[],"meta":{},"tags":[]},{"ancestorTitles":["voyage email templates — matrice 12×4"],"fullName":"voyage email templates — matrice 12×4 pre_trip_reminder [en] rend sujet/html/texte complets et localisés","status":"passed","title":"pre_trip_reminder [en] rend sujet/html/texte complets et localisés","duration":0.5492000000001553,"failureMessages":[],"meta":{},"tags":[]},{"ancestorTitles":["voyage email templates — matrice 12×4"],"fullName":"voyage email templates — matrice 12×4 pre_trip_reminder [es] rend sujet/html/texte complets et localisés","status":"passed","title":"pre_trip_reminder [es] rend sujet/html/texte complets et localisés","duration":0.6329000000000633,"failureMessages":[],"meta":{},"tags":[]},{"ancestorTitles":["voyage email templates — matrice 12×4"],"fullName":"voyage email templates — matrice 12×4 pre_trip_reminder [ar] rend sujet/html/texte complets et localisés","status":"passed","title":"pre_trip_reminder [ar] rend sujet/html/texte complets et localisés","duration":0.5588000000000193,"failureMessages":[],"meta":{},"tags":[]},{"ancestorTitles":["voyage email templates — matrice 12×4"],"fullName":"voyage email templates — matrice 12×4 post_trip_followup [fr] rend sujet/html/texte complets et localisés","status":"passed","title":"post_trip_followup [fr] rend sujet/html/texte complets et localisés","duration":0.537499999999909,"failureMessages":[],"meta":{},"tags":[]},{"ancestorTitles":["voyage email templates — matrice 12×4"],"fullName":"voyage email templates — matrice 12×4 post_trip_followup [en] rend sujet/html/texte complets et localisés","status":"passed","title":"post_trip_followup [en] rend sujet/html/texte complets et localisés","duration":0.7743000000000393,"failureMessages":[],"meta":{},"tags":[]},{"ancestorTitles":["voyage email templates — matrice 12×4"],"fullName":"voyage email templates — matrice 12×4 post_trip_followup [es] rend sujet/html/texte complets et localisés","status":"passed","title":"post_trip_followup [es] rend sujet/html/texte complets et localisés","duration":0.6860999999998967,"failureMessages":[],"meta":{},"tags":[]},{"ancestorTitles":["voyage email templates — matrice 12×4"],"fullName":"voyage email templates — matrice 12×4 post_trip_followup [ar] rend sujet/html/texte complets et localisés","status":"passed","title":"post_trip_followup [ar] rend sujet/html/texte complets et localisés","duration":0.5329999999999018,"failureMessages":[],"meta":{},"tags":[]}],"startTime":1789919730701,"endTime":1789919730744.533,"status":"passed","message":"","name":"C:/Users/Utilisateur/Documents/t3code/atlaselle/tests/unit/voyage/templates.test.ts"},{"assertionResults":[{"ancestorTitles":["trip transitions (TODO §8.3)"],"fullName":"trip transitions (TODO §8.3) allows the nominal editorial flow","status":"passed","title":"allows the nominal editorial flow","duration":3.6487999999999943,"failureMessages":[],"meta":{},"tags":[]},{"ancestorTitles":["trip transitions (TODO §8.3)"],"fullName":"trip transitions (TODO §8.3) rejects generic status jumps","status":"passed","title":"rejects generic status jumps","duration":1.812400000000025,"failureMessages":[],"meta":{},"tags":[]},{"ancestorTitles":["trip transitions (TODO §8.3)"],"fullName":"trip transitions (TODO §8.3) restores archived trips to unpublished","status":"passed","title":"restores archived trips to unpublished","duration":0.38339999999999463,"failureMessages":[],"meta":{},"tags":[]},{"ancestorTitles":["trip transitions (TODO §8.3)"],"fullName":"trip transitions (TODO §8.3) covers every declared status","status":"passed","title":"covers every declared status","duration":1.4434999999999718,"failureMessages":[],"meta":{},"tags":[]},{"ancestorTitles":["departure transitions (TODO §8.4)"],"fullName":"departure transitions (TODO §8.4) opens, limits and completes","status":"passed","title":"opens, limits and completes","duration":0.7164000000000215,"failureMessages":[],"meta":{},"tags":[]},{"ancestorTitles":["departure transitions (TODO §8.4)"],"fullName":"departure transitions (TODO §8.4) never reopens a completed departure","status":"passed","title":"never reopens a completed departure","duration":0.2966999999999871,"failureMessages":[],"meta":{},"tags":[]},{"ancestorTitles":["application transitions (TODO §11.3)"],"fullName":"application transitions (TODO §11.3) flows through review to a decision","status":"passed","title":"flows through review to a decision","duration":0.6021000000000072,"failureMessages":[],"meta":{},"tags":[]},{"ancestorTitles":["application transitions (TODO §11.3)"],"fullName":"application transitions (TODO §11.3) is terminal after decision","status":"passed","title":"is terminal after decision","duration":0.9003999999999905,"failureMessages":[],"meta":{},"tags":[]},{"ancestorTitles":["reservation transitions (TODO §12.1)"],"fullName":"reservation transitions (TODO §12.1) confirms then completes","status":"passed","title":"confirms then completes","duration":1.0185000000000173,"failureMessages":[],"meta":{},"tags":[]},{"ancestorTitles":["payment transitions (TODO §13)"],"fullName":"payment transitions (TODO §13) authorizes then captures","status":"passed","title":"authorizes then captures","duration":0.6176999999999566,"failureMessages":[],"meta":{},"tags":[]},{"ancestorTitles":["payment transitions (TODO §13)"],"fullName":"payment transitions (TODO §13) generates unique idempotency keys","status":"passed","title":"generates unique idempotency keys","duration":1.4069999999999823,"failureMessages":[],"meta":{},"tags":[]}],"startTime":1789919744078,"endTime":1789919744092.407,"status":"passed","message":"","name":"C:/Users/Utilisateur/Documents/t3code/atlaselle/tests/unit/voyage/transitions.test.ts"},{"assertionResults":[{"ancestorTitles":["trip engagement validation"],"fullName":"trip engagement validation comment accepte contenu + parent optionnel","status":"passed","title":"comment accepte contenu + parent optionnel","duration":7.7427000000000135,"failureMessages":[],"meta":{},"tags":[]},{"ancestorTitles":["trip engagement validation"],"fullName":"trip engagement validation comment rejette contenu vide et trop long","status":"passed","title":"comment rejette contenu vide et trop long","duration":4.097999999999956,"failureMessages":[],"meta":{},"tags":[]},{"ancestorTitles":["trip engagement validation"],"fullName":"trip engagement validation review exige note 1-5 et contenu","status":"passed","title":"review exige note 1-5 et contenu","duration":3.1783000000000357,"failureMessages":[],"meta":{},"tags":[]},{"ancestorTitles":["trip engagement validation"],"fullName":"trip engagement validation moderation comment accepte les 5 actions","status":"passed","title":"moderation comment accepte les 5 actions","duration":3.4532999999998992,"failureMessages":[],"meta":{},"tags":[]},{"ancestorTitles":["trip engagement validation"],"fullName":"trip engagement validation moderation review accepte PENDING/APPROVED/REJECTED/SPAM","status":"passed","title":"moderation review accepte PENDING/APPROVED/REJECTED/SPAM","duration":3.1760999999999058,"failureMessages":[],"meta":{},"tags":[]},{"ancestorTitles":["trip engagement validation"],"fullName":"trip engagement validation report single-target strict","status":"passed","title":"report single-target strict","duration":3.0849000000000615,"failureMessages":[],"meta":{},"tags":[]},{"ancestorTitles":["trip engagement workflow"],"fullName":"trip engagement workflow comment PENDING vers APPROVED/REJECTED/SPAM/TRASH","status":"passed","title":"comment PENDING vers APPROVED/REJECTED/SPAM/TRASH","duration":0.7151000000001204,"failureMessages":[],"meta":{},"tags":[]},{"ancestorTitles":["trip engagement workflow"],"fullName":"trip engagement workflow review PENDING vers APPROVED/REJECTED/SPAM, jamais TRASH","status":"passed","title":"review PENDING vers APPROVED/REJECTED/SPAM, jamais TRASH","duration":0.4024000000001706,"failureMessages":[],"meta":{},"tags":[]},{"ancestorTitles":["trip engagement workflow"],"fullName":"trip engagement workflow report PENDING vers REVIEWED/RESOLVED/REJECTED","status":"passed","title":"report PENDING vers REVIEWED/RESOLVED/REJECTED","duration":1.0787000000000262,"failureMessages":[],"meta":{},"tags":[]},{"ancestorTitles":["trip engagement workflow"],"fullName":"trip engagement workflow averageFrom100 arrondi à 1 décimale","status":"passed","title":"averageFrom100 arrondi à 1 décimale","duration":0.5473999999999251,"failureMessages":[],"meta":{},"tags":[]},{"ancestorTitles":["trip engagement i18n 4 locales"],"fullName":"trip engagement i18n 4 locales fr/en/es/ar couvrent les clés critiques","status":"passed","title":"fr/en/es/ar couvrent les clés critiques","duration":1.2522000000001299,"failureMessages":[],"meta":{},"tags":[]},{"ancestorTitles":["trip engagement seeds invariants"],"fullName":"trip engagement seeds invariants manifest déclare 48→54","status":"passed","title":"manifest déclare 48→54","duration":2.7409000000000106,"failureMessages":[],"meta":{},"tags":[]},{"ancestorTitles":["trip engagement seeds invariants"],"fullName":"trip engagement seeds invariants comments statuts couvrent PENDING/APPROVED","status":"passed","title":"comments statuts couvrent PENDING/APPROVED","duration":0.6464000000000851,"failureMessages":[],"meta":{},"tags":[]},{"ancestorTitles":["trip engagement seeds invariants"],"fullName":"trip engagement seeds invariants reviews notes 1-5 et statuts PENDING/APPROVED","status":"passed","title":"reviews notes 1-5 et statuts PENDING/APPROVED","duration":1.4106999999999061,"failureMessages":[],"meta":{},"tags":[]},{"ancestorTitles":["trip engagement seeds invariants"],"fullName":"trip engagement seeds invariants reports single-target","status":"passed","title":"reports single-target","duration":0.32519999999999527,"failureMessages":[],"meta":{},"tags":[]},{"ancestorTitles":["trip engagement seeds invariants"],"fullName":"trip engagement seeds invariants reviews uniques par (tripId, authorId)","status":"passed","title":"reviews uniques par (tripId, authorId)","duration":0.4227000000000771,"failureMessages":[],"meta":{},"tags":[]}],"startTime":1789919735320,"endTime":1789919735356.4226,"status":"passed","message":"","name":"C:/Users/Utilisateur/Documents/t3code/atlaselle/tests/unit/voyage/trip-engagement.test.ts"},{"assertionResults":[{"ancestorTitles":["voyage templates (TODO §14.1 — 12 × 4 langues)"],"fullName":"voyage templates (TODO §14.1 — 12 × 4 langues) renders application_received in all locales without leftover vars","status":"passed","title":"renders application_received in all locales without leftover vars","duration":8.421399999999949,"failureMessages":[],"meta":{},"tags":[]},{"ancestorTitles":["voyage templates (TODO §14.1 — 12 × 4 langues)"],"fullName":"voyage templates (TODO §14.1 — 12 × 4 langues) renders application_approved in all locales without leftover vars","status":"passed","title":"renders application_approved in all locales without leftover vars","duration":1.7480000000000473,"failureMessages":[],"meta":{},"tags":[]},{"ancestorTitles":["voyage templates (TODO §14.1 — 12 × 4 langues)"],"fullName":"voyage templates (TODO §14.1 — 12 × 4 langues) renders application_contact_required in all locales without leftover vars","status":"passed","title":"renders application_contact_required in all locales without leftover vars","duration":1.4510999999999967,"failureMessages":[],"meta":{},"tags":[]},{"ancestorTitles":["voyage templates (TODO §14.1 — 12 × 4 langues)"],"fullName":"voyage templates (TODO §14.1 — 12 × 4 langues) renders application_declined in all locales without leftover vars","status":"passed","title":"renders application_declined in all locales without leftover vars","duration":1.3054999999999382,"failureMessages":[],"meta":{},"tags":[]},{"ancestorTitles":["voyage templates (TODO §14.1 — 12 × 4 langues)"],"fullName":"voyage templates (TODO §14.1 — 12 × 4 langues) renders checkout_started in all locales without leftover vars","status":"passed","title":"renders checkout_started in all locales without leftover vars","duration":1.2960000000000491,"failureMessages":[],"meta":{},"tags":[]},{"ancestorTitles":["voyage templates (TODO §14.1 — 12 × 4 langues)"],"fullName":"voyage templates (TODO §14.1 — 12 × 4 langues) renders payment_received in all locales without leftover vars","status":"passed","title":"renders payment_received in all locales without leftover vars","duration":2.2509999999999764,"failureMessages":[],"meta":{},"tags":[]},{"ancestorTitles":["voyage templates (TODO §14.1 — 12 × 4 langues)"],"fullName":"voyage templates (TODO §14.1 — 12 × 4 langues) renders booking_confirmed in all locales without leftover vars","status":"passed","title":"renders booking_confirmed in all locales without leftover vars","duration":1.6480999999998858,"failureMessages":[],"meta":{},"tags":[]},{"ancestorTitles":["voyage templates (TODO §14.1 — 12 × 4 langues)"],"fullName":"voyage templates (TODO §14.1 — 12 × 4 langues) renders balance_due in all locales without leftover vars","status":"passed","title":"renders balance_due in all locales without leftover vars","duration":1.2612000000001444,"failureMessages":[],"meta":{},"tags":[]},{"ancestorTitles":["voyage templates (TODO §14.1 — 12 × 4 langues)"],"fullName":"voyage templates (TODO §14.1 — 12 × 4 langues) renders balance_reminder in all locales without leftover vars","status":"passed","title":"renders balance_reminder in all locales without leftover vars","duration":1.6743000000001302,"failureMessages":[],"meta":{},"tags":[]},{"ancestorTitles":["voyage templates (TODO §14.1 — 12 × 4 langues)"],"fullName":"voyage templates (TODO §14.1 — 12 × 4 langues) renders pre_trip_preparation in all locales without leftover vars","status":"passed","title":"renders pre_trip_preparation in all locales without leftover vars","duration":1.265100000000075,"failureMessages":[],"meta":{},"tags":[]},{"ancestorTitles":["voyage templates (TODO §14.1 — 12 × 4 langues)"],"fullName":"voyage templates (TODO §14.1 — 12 × 4 langues) renders pre_trip_reminder in all locales without leftover vars","status":"passed","title":"renders pre_trip_reminder in all locales without leftover vars","duration":1.1722999999999502,"failureMessages":[],"meta":{},"tags":[]},{"ancestorTitles":["voyage templates (TODO §14.1 — 12 × 4 langues)"],"fullName":"voyage templates (TODO §14.1 — 12 × 4 langues) renders post_trip_followup in all locales without leftover vars","status":"passed","title":"renders post_trip_followup in all locales without leftover vars","duration":1.0091999999999643,"failureMessages":[],"meta":{},"tags":[]}],"startTime":1789919739338,"endTime":1789919739363.0093,"status":"passed","message":"","name":"C:/Users/Utilisateur/Documents/t3code/atlaselle/tests/unit/voyage/voyage-email.test.ts"}]}