{"numTotalTestSuites":618,"numPassedTestSuites":618,"numFailedTestSuites":0,"numPendingTestSuites":0,"numTotalTests":1782,"numPassedTests":1782,"numFailedTests":0,"numPendingTests":0,"numTodoTests":0,"snapshot":{"added":0,"failure":false,"filesAdded":0,"filesRemoved":0,"filesRemovedList":[],"filesUnmatched":0,"filesUpdated":0,"matched":0,"total":0,"unchecked":0,"uncheckedKeysByFile":[],"unmatched":0,"updated":0,"didUpdate":false},"startTime":1789967317387,"success":true,"testResults":[{"assertionResults":[{"ancestorTitles":["Admin trips loaders"],"fullName":"Admin trips loaders finds the trip by search with pagination meta","status":"passed","title":"finds the trip by search with pagination meta","duration":27.76800000000003,"failureMessages":[],"meta":{},"tags":[]},{"ancestorTitles":["Admin trips loaders"],"fullName":"Admin trips loaders filters by status","status":"passed","title":"filters by status","duration":15.2971,"failureMessages":[],"meta":{},"tags":[]},{"ancestorTitles":["Admin trips loaders"],"fullName":"Admin trips loaders loads trip detail with translations","status":"passed","title":"loads trip detail with translations","duration":8.060600000000022,"failureMessages":[],"meta":{},"tags":[]},{"ancestorTitles":["Admin trips loaders"],"fullName":"Admin trips loaders returns null for unknown trips","status":"passed","title":"returns null for unknown trips","duration":1.7256999999999607,"failureMessages":[],"meta":{},"tags":[]}],"startTime":1789967409354,"endTime":1789967409407.7256,"status":"passed","message":"","name":"C:/Users/Utilisateur/Documents/t3code/atlaselle/tests/integration/admin-trips.test.ts"},{"assertionResults":[{"ancestorTitles":["Admin voyage actions (real DB)"],"fullName":"Admin voyage actions (real DB) rejects stale writes (optimistic locking)","status":"passed","title":"rejects stale writes (optimistic locking)","duration":151.96489999999994,"failureMessages":[],"meta":{},"tags":[]},{"ancestorTitles":["Admin voyage actions (real DB)"],"fullName":"Admin voyage actions (real DB) restores a revision snapshot","status":"passed","title":"restores a revision snapshot","duration":27.505299999999806,"failureMessages":[],"meta":{},"tags":[]},{"ancestorTitles":["Admin voyage actions (real DB)"],"fullName":"Admin voyage actions (real DB) publishes a policy version exclusively","status":"passed","title":"publishes a policy version exclusively","duration":30.391100000000733,"failureMessages":[],"meta":{},"tags":[]},{"ancestorTitles":["Admin voyage actions (real DB)"],"fullName":"Admin voyage actions (real DB) retries failed email deliveries","status":"passed","title":"retries failed email deliveries","duration":49.15570000000025,"failureMessages":[],"meta":{},"tags":[]},{"ancestorTitles":["Admin voyage actions (real DB)"],"fullName":"Admin voyage actions (real DB) exports then anonymizes a traveler file","status":"passed","title":"exports then anonymizes a traveler file","duration":36.83899999999994,"failureMessages":[],"meta":{},"tags":[]},{"ancestorTitles":["Admin voyage actions (real DB)"],"fullName":"Admin voyage actions (real DB) refuses anonymization with an active file","status":"passed","title":"refuses anonymization with an active file","duration":27.815599999999904,"failureMessages":[],"meta":{},"tags":[]},{"ancestorTitles":["Admin voyage actions (real DB)"],"fullName":"Admin voyage actions (real DB) creates trips and edits full departure pricing","status":"passed","title":"creates trips and edits full departure pricing","duration":128.75800000000072,"failureMessages":[],"meta":{},"tags":[]}],"startTime":1789967387238,"endTime":1789967387692.758,"status":"passed","message":"","name":"C:/Users/Utilisateur/Documents/t3code/atlaselle/tests/integration/admin-voyage-actions.test.ts"},{"assertionResults":[{"ancestorTitles":["Admin voyage loaders (real DB)"],"fullName":"Admin voyage loaders (real DB) lists applications with traveler emails","status":"passed","title":"lists applications with traveler emails","duration":13.941100000000006,"failureMessages":[],"meta":{},"tags":[]},{"ancestorTitles":["Admin voyage loaders (real DB)"],"fullName":"Admin voyage loaders (real DB) filters applications by status","status":"passed","title":"filters applications by status","duration":3.813000000000102,"failureMessages":[],"meta":{},"tags":[]},{"ancestorTitles":["Admin voyage loaders (real DB)"],"fullName":"Admin voyage loaders (real DB) lists reservations with amounts","status":"passed","title":"lists reservations with amounts","duration":5.800100000000157,"failureMessages":[],"meta":{},"tags":[]},{"ancestorTitles":["Admin voyage loaders (real DB)"],"fullName":"Admin voyage loaders (real DB) lists payments","status":"passed","title":"lists payments","duration":8.837999999999965,"failureMessages":[],"meta":{},"tags":[]},{"ancestorTitles":["Admin voyage loaders (real DB)"],"fullName":"Admin voyage loaders (real DB) searches travelers without sensitive data","status":"passed","title":"searches travelers without sensitive data","duration":8.856600000000071,"failureMessages":[],"meta":{},"tags":[]},{"ancestorTitles":["Admin voyage loaders (real DB)"],"fullName":"Admin voyage loaders (real DB) lists email deliveries","status":"passed","title":"lists email deliveries","duration":7.133799999999837,"failureMessages":[],"meta":{},"tags":[]},{"ancestorTitles":["Admin voyage loaders (real DB)"],"fullName":"Admin voyage loaders (real DB) lists policy documents with published versions","status":"passed","title":"lists policy documents with published versions","duration":16.730099999999993,"failureMessages":[],"meta":{},"tags":[]},{"ancestorTitles":["Admin voyage loaders (real DB)"],"fullName":"Admin voyage loaders (real DB) loads open departures for a trip","status":"passed","title":"loads open departures for a trip","duration":2.6983000000000175,"failureMessages":[],"meta":{},"tags":[]},{"ancestorTitles":["Admin voyage loaders (real DB)"],"fullName":"Admin voyage loaders (real DB) computes voyage health counters","status":"passed","title":"computes voyage health counters","duration":412.05369999999994,"failureMessages":[],"meta":{},"tags":[]},{"ancestorTitles":["Admin voyage loaders (real DB)"],"fullName":"Admin voyage loaders (real DB) loads reservation detail with payments and trip title","status":"passed","title":"loads reservation detail with payments and trip title","duration":30.420200000000023,"failureMessages":[],"meta":{},"tags":[]}],"startTime":1789967380742,"endTime":1789967381253.4202,"status":"passed","message":"","name":"C:/Users/Utilisateur/Documents/t3code/atlaselle/tests/integration/admin-voyage-loaders.test.ts"},{"assertionResults":[{"ancestorTitles":["POST /api/analytics"],"fullName":"POST /api/analytics accepts allowlisted events with safe props only","status":"passed","title":"accepts allowlisted events with safe props only","duration":54.768600000000106,"failureMessages":[],"meta":{},"tags":[]},{"ancestorTitles":["POST /api/analytics"],"fullName":"POST /api/analytics rejects unknown events and invalid bodies","status":"passed","title":"rejects unknown events and invalid bodies","duration":3.9699000000000524,"failureMessages":[],"meta":{},"tags":[]}],"startTime":1789967426937,"endTime":1789967426995.97,"status":"passed","message":"","name":"C:/Users/Utilisateur/Documents/t3code/atlaselle/tests/integration/analytics-endpoint.test.ts"},{"assertionResults":[{"ancestorTitles":["Applications — submit/review/withdraw (real DB)"],"fullName":"Applications — submit/review/withdraw (real DB) submits an application with events and outbox","status":"passed","title":"submits an application with events and outbox","duration":126.18249999999989,"failureMessages":[],"meta":{},"tags":[]},{"ancestorTitles":["Applications — submit/review/withdraw (real DB)"],"fullName":"Applications — submit/review/withdraw (real DB) rejects closed departures and past deadlines","status":"passed","title":"rejects closed departures and past deadlines","duration":19.36319999999978,"failureMessages":[],"meta":{},"tags":[]},{"ancestorTitles":["Applications — submit/review/withdraw (real DB)"],"fullName":"Applications — submit/review/withdraw (real DB) conflicts on unverified duplicate emails","status":"passed","title":"conflicts on unverified duplicate emails","duration":27.35649999999987,"failureMessages":[],"meta":{},"tags":[]},{"ancestorTitles":["Applications — submit/review/withdraw (real DB)"],"fullName":"Applications — submit/review/withdraw (real DB) approves then refuses double decision","status":"passed","title":"approves then refuses double decision","duration":67.19450000000052,"failureMessages":[],"meta":{},"tags":[]},{"ancestorTitles":["Applications — submit/review/withdraw (real DB)"],"fullName":"Applications — submit/review/withdraw (real DB) withdraws with matching email only","status":"passed","title":"withdraws with matching email only","duration":23.02309999999943,"failureMessages":[],"meta":{},"tags":[]}],"startTime":1789967388840,"endTime":1789967389104.0232,"status":"passed","message":"","name":"C:/Users/Utilisateur/Documents/t3code/atlaselle/tests/integration/applications.test.ts"},{"assertionResults":[{"ancestorTitles":["apply page — alternateUrls sans lookup statique"],"fullName":"apply page — alternateUrls sans lookup statique chaque voyage publié expose un slug par locale pour getApplyPath","status":"passed","title":"chaque voyage publié expose un slug par locale pour getApplyPath","duration":327.8635999999999,"failureMessages":[],"meta":{},"tags":[]},{"ancestorTitles":["apply page — alternateUrls sans lookup statique"],"fullName":"apply page — alternateUrls sans lookup statique les 3 slugs FR seeds se chargent avec 4 traductions","status":"passed","title":"les 3 slugs FR seeds se chargent avec 4 traductions","duration":87.17569999999978,"failureMessages":[],"meta":{},"tags":[]}],"startTime":1789967391136,"endTime":1789967391552.1758,"status":"passed","message":"","name":"C:/Users/Utilisateur/Documents/t3code/atlaselle/tests/integration/apply-page.test.ts"},{"assertionResults":[{"ancestorTitles":["Audit — logAuditEvent()"],"fullName":"Audit — logAuditEvent() inserts an audit event into the database","status":"passed","title":"inserts an audit event into the database","duration":259.53019999999924,"failureMessages":[],"meta":{},"tags":[]},{"ancestorTitles":["Audit — logAuditEvent()"],"fullName":"Audit — logAuditEvent() handles null metadata gracefully","status":"passed","title":"handles null metadata gracefully","duration":4.651400000002468,"failureMessages":[],"meta":{},"tags":[]},{"ancestorTitles":["Audit — Hooks integration"],"fullName":"Audit — Hooks integration logs SIGN_UP when a user signs up","status":"passed","title":"logs SIGN_UP when a user signs up","duration":909.2969999999987,"failureMessages":[],"meta":{},"tags":[]},{"ancestorTitles":["Audit — Hooks integration"],"fullName":"Audit — Hooks integration logs USER_BAN when admin bans a user","status":"passed","title":"logs USER_BAN when admin bans a user","duration":565.7536999999975,"failureMessages":[],"meta":{},"tags":[]},{"ancestorTitles":["Audit — Hooks integration"],"fullName":"Audit — Hooks integration logs USER_ROLE_CHANGE when admin changes role","status":"passed","title":"logs USER_ROLE_CHANGE when admin changes role","duration":544.6019000000015,"failureMessages":[],"meta":{},"tags":[]},{"ancestorTitles":["Audit — Hooks integration"],"fullName":"Audit — Hooks integration does not log passwords in metadata","status":"passed","title":"does not log passwords in metadata","duration":1046.2829999999994,"failureMessages":[],"meta":{},"tags":[]},{"ancestorTitles":["Audit — Hooks integration"],"fullName":"Audit — Hooks integration logs SIGN_IN_FAILED for bad credentials","status":"passed","title":"logs SIGN_IN_FAILED for bad credentials","duration":712.9655000000021,"failureMessages":[],"meta":{},"tags":[]},{"ancestorTitles":["Audit — Hooks integration"],"fullName":"Audit — Hooks integration filters metadata to SAFE_FIELDS only (no password in metadata)","status":"passed","title":"filters metadata to SAFE_FIELDS only (no password in metadata)","duration":702.4213999999993,"failureMessages":[],"meta":{},"tags":[]}],"startTime":1789967339209,"endTime":1789967343982.4214,"status":"passed","message":"","name":"C:/Users/Utilisateur/Documents/t3code/atlaselle/tests/integration/audit.test.ts"},{"assertionResults":[{"ancestorTitles":["Auth — Forget & Reset Password"],"fullName":"Auth — Forget & Reset Password requestPasswordReset succeeds without error","status":"passed","title":"requestPasswordReset succeeds without error","duration":21.20260000000053,"failureMessages":[],"meta":{},"tags":[]},{"ancestorTitles":["Auth — Forget & Reset Password"],"fullName":"Auth — Forget & Reset Password requestPasswordReset for unknown email does not throw","status":"passed","title":"requestPasswordReset for unknown email does not throw","duration":13.47019999999975,"failureMessages":[],"meta":{},"tags":[]},{"ancestorTitles":["Auth — Change Password"],"fullName":"Auth — Change Password changePassword updates credentials","status":"passed","title":"changePassword updates credentials","duration":773.5129000000015,"failureMessages":[],"meta":{},"tags":[]},{"ancestorTitles":["Auth — Change Password"],"fullName":"Auth — Change Password changePassword rejects wrong current password","status":"passed","title":"changePassword rejects wrong current password","duration":361.5480000000007,"failureMessages":[],"meta":{},"tags":[]},{"ancestorTitles":["Auth — Email Verification"],"fullName":"Auth — Email Verification user starts as unverified after signUp","status":"passed","title":"user starts as unverified after signUp","duration":2.156699999999546,"failureMessages":[],"meta":{},"tags":[]},{"ancestorTitles":["Auth — Email Verification"],"fullName":"Auth — Email Verification cannot sign in before email is verified","status":"passed","title":"cannot sign in before email is verified","duration":183.85579999999936,"failureMessages":[],"meta":{},"tags":[]},{"ancestorTitles":["Auth — Email Verification"],"fullName":"Auth — Email Verification can sign in after email is verified in DB","status":"passed","title":"can sign in after email is verified in DB","duration":190.08669999999984,"failureMessages":[],"meta":{},"tags":[]},{"ancestorTitles":["Auth — Update User"],"fullName":"Auth — Update User updateUser changes the user name","status":"passed","title":"updateUser changes the user name","duration":13.74200000000019,"failureMessages":[],"meta":{},"tags":[]},{"ancestorTitles":["Auth — Update User"],"fullName":"Auth — Update User updateUser changes the username","status":"passed","title":"updateUser changes the username","duration":14.214700000000448,"failureMessages":[],"meta":{},"tags":[]},{"ancestorTitles":["Auth — Update User"],"fullName":"Auth — Update User getSession reflects updated user data","status":"passed","title":"getSession reflects updated user data","duration":7.198800000000119,"failureMessages":[],"meta":{},"tags":[]}],"startTime":1789967339694,"endTime":1789967342310.1987,"status":"passed","message":"","name":"C:/Users/Utilisateur/Documents/t3code/atlaselle/tests/integration/auth-advanced.test.ts"},{"assertionResults":[{"ancestorTitles":["Auth — Sign-up & Sign-in flow"],"fullName":"Auth — Sign-up & Sign-in flow signUpEmail creates a new user (no session when emailVerification required)","status":"passed","title":"signUpEmail creates a new user (no session when emailVerification required)","duration":477.9866000000002,"failureMessages":[],"meta":{},"tags":[]},{"ancestorTitles":["Auth — Sign-up & Sign-in flow"],"fullName":"Auth — Sign-up & Sign-in flow signInEmail returns a session for valid credentials","status":"passed","title":"signInEmail returns a session for valid credentials","duration":220.05469999999968,"failureMessages":[],"meta":{},"tags":[]},{"ancestorTitles":["Auth — Sign-up & Sign-in flow"],"fullName":"Auth — Sign-up & Sign-in flow signInEmail rejects invalid password","status":"passed","title":"signInEmail rejects invalid password","duration":210.0047000000004,"failureMessages":[],"meta":{},"tags":[]},{"ancestorTitles":["Auth — Sign-up & Sign-in flow"],"fullName":"Auth — Sign-up & Sign-in flow signInEmail rejects non-existent email","status":"passed","title":"signInEmail rejects non-existent email","duration":187.61419999999998,"failureMessages":[],"meta":{},"tags":[]},{"ancestorTitles":["Auth — Sign-up & Sign-in flow"],"fullName":"Auth — Sign-up & Sign-in flow signOut invalidates the session","status":"passed","title":"signOut invalidates the session","duration":39.73419999999987,"failureMessages":[],"meta":{},"tags":[]}],"startTime":1789967371439,"endTime":1789967372575.7341,"status":"passed","message":"","name":"C:/Users/Utilisateur/Documents/t3code/atlaselle/tests/integration/auth-flow.test.ts"},{"assertionResults":[{"ancestorTitles":["Auth — Session & User"],"fullName":"Auth — Session & User creates a valid session via login()","status":"passed","title":"creates a valid session via login()","duration":54.71140000000014,"failureMessages":[],"meta":{},"tags":[]},{"ancestorTitles":["Auth — Session & User"],"fullName":"Auth — Session & User getSession returns user from auth headers","status":"passed","title":"getSession returns user from auth headers","duration":24.499300000000403,"failureMessages":[],"meta":{},"tags":[]},{"ancestorTitles":["Auth — Session & User"],"fullName":"Auth — Session & User getSession returns null for empty headers","status":"passed","title":"getSession returns null for empty headers","duration":2.1528999999991356,"failureMessages":[],"meta":{},"tags":[]},{"ancestorTitles":["Auth — Admin API"],"fullName":"Auth — Admin API admin can list users","status":"passed","title":"admin can list users","duration":24.3125,"failureMessages":[],"meta":{},"tags":[]},{"ancestorTitles":["Auth — Admin API"],"fullName":"Auth — Admin API admin can ban and unban a user","status":"passed","title":"admin can ban and unban a user","duration":173.53139999999985,"failureMessages":[],"meta":{},"tags":[]},{"ancestorTitles":["Auth — Admin API"],"fullName":"Auth — Admin API admin can change user role","status":"passed","title":"admin can change user role","duration":45.76180000000022,"failureMessages":[],"meta":{},"tags":[]},{"ancestorTitles":["Auth — Admin API"],"fullName":"Auth — Admin API non-admin cannot list users","status":"passed","title":"non-admin cannot list users","duration":14.892699999999422,"failureMessages":[],"meta":{},"tags":[]},{"ancestorTitles":["Auth — Impersonation"],"fullName":"Auth — Impersonation admin can impersonate a user and stop","status":"passed","title":"admin can impersonate a user and stop","duration":17.855199999999968,"failureMessages":[],"meta":{},"tags":[]},{"ancestorTitles":["Auth — Impersonation"],"fullName":"Auth — Impersonation non-admin cannot impersonate","status":"passed","title":"non-admin cannot impersonate","duration":16.717899999999645,"failureMessages":[],"meta":{},"tags":[]},{"ancestorTitles":["Auth — User Deletion (RGPD)"],"fullName":"Auth — User Deletion (RGPD) admin can remove a user","status":"passed","title":"admin can remove a user","duration":39.98539999999957,"failureMessages":[],"meta":{},"tags":[]},{"ancestorTitles":["Auth — User Deletion (RGPD)"],"fullName":"Auth — User Deletion (RGPD) session is invalid after user deletion","status":"passed","title":"session is invalid after user deletion","duration":7.080500000000029,"failureMessages":[],"meta":{},"tags":[]}],"startTime":1789967382364,"endTime":1789967383122.0806,"status":"passed","message":"","name":"C:/Users/Utilisateur/Documents/t3code/atlaselle/tests/integration/auth.test.ts"},{"assertionResults":[{"ancestorTitles":["Availability — holds & concurrence (real DB)"],"fullName":"Availability — holds & concurrence (real DB) holds the last seat then refuses the next","status":"passed","title":"holds the last seat then refuses the next","duration":46.55009999999993,"failureMessages":[],"meta":{},"tags":[]},{"ancestorTitles":["Availability — holds & concurrence (real DB)"],"fullName":"Availability — holds & concurrence (real DB) lets exactly one concurrent buyer win the last seat","status":"passed","title":"lets exactly one concurrent buyer win the last seat","duration":100.8286999999998,"failureMessages":[],"meta":{},"tags":[]},{"ancestorTitles":["Availability — holds & concurrence (real DB)"],"fullName":"Availability — holds & concurrence (real DB) expires outdated holds","status":"passed","title":"expires outdated holds","duration":7.139100000000099,"failureMessages":[],"meta":{},"tags":[]}],"startTime":1789967397492,"endTime":1789967397647.1392,"status":"passed","message":"","name":"C:/Users/Utilisateur/Documents/t3code/atlaselle/tests/integration/availability.test.ts"},{"assertionResults":[{"ancestorTitles":["blog actions — integration (real DB)"],"fullName":"blog actions — integration (real DB) listBlogPostRevisions returns revisions for a seeded post","status":"passed","title":"listBlogPostRevisions returns revisions for a seeded post","duration":37.10910000000149,"failureMessages":[],"meta":{},"tags":[]},{"ancestorTitles":["blog actions — integration (real DB)"],"fullName":"blog actions — integration (real DB) getBlogModerationQueue returns pending items","status":"passed","title":"getBlogModerationQueue returns pending items","duration":26.485899999999674,"failureMessages":[],"meta":{},"tags":[]},{"ancestorTitles":["blog actions — integration (real DB)"],"fullName":"blog actions — integration (real DB) updateBlogReport resolves a PENDING report and persists it","status":"passed","title":"updateBlogReport resolves a PENDING report and persists it","duration":103.41960000000108,"failureMessages":[],"meta":{},"tags":[]},{"ancestorTitles":["blog actions — integration (real DB)"],"fullName":"blog actions — integration (real DB) resolveBlogInternalLink resolves a real slug","status":"passed","title":"resolveBlogInternalLink resolves a real slug","duration":62.91309999999794,"failureMessages":[],"meta":{},"tags":[]},{"ancestorTitles":["blog actions — integration (real DB)"],"fullName":"blog actions — integration (real DB) resolveBlogInternalLink searches posts","status":"passed","title":"resolveBlogInternalLink searches posts","duration":3.7663999999967928,"failureMessages":[],"meta":{},"tags":[]},{"ancestorTitles":["blog actions — integration (real DB)"],"fullName":"blog actions — integration (real DB) checkBlogPostLinks returns a structured report for a real post","status":"passed","title":"checkBlogPostLinks returns a structured report for a real post","duration":133.0640999999996,"failureMessages":[],"meta":{},"tags":[]},{"ancestorTitles":["blog actions — integration (real DB)","recordBlogPostView (real DB, real cookies)"],"fullName":"blog actions — integration (real DB) recordBlogPostView (real DB, real cookies) increments viewCount and writes a view stat row for an anonymous visitor","status":"passed","title":"increments viewCount and writes a view stat row for an anonymous visitor","duration":19.74869999999646,"failureMessages":[],"meta":{},"tags":[]},{"ancestorTitles":["blog actions — integration (real DB)","recordBlogPostView (real DB, real cookies)"],"fullName":"blog actions — integration (real DB) recordBlogPostView (real DB, real cookies) attributes a logged-in view to the session id, not an anon cookie","status":"passed","title":"attributes a logged-in view to the session id, not an anon cookie","duration":8.846199999999953,"failureMessages":[],"meta":{},"tags":[]}],"startTime":1789967363065,"endTime":1789967363461.8462,"status":"passed","message":"","name":"C:/Users/Utilisateur/Documents/t3code/atlaselle/tests/integration/blog-actions.test.ts"},{"assertionResults":[{"ancestorTitles":["blog internal link resolver (integration)"],"fullName":"blog internal link resolver (integration) lists published blog post slugs (single-tenant)","status":"passed","title":"lists published blog post slugs (single-tenant)","duration":3.344000000000051,"failureMessages":[],"meta":{},"tags":[]},{"ancestorTitles":["blog internal link resolver (integration)"],"fullName":"blog internal link resolver (integration) resolver.listValidTargets matches getBlogValidLinkTargets","status":"passed","title":"resolver.listValidTargets matches getBlogValidLinkTargets","duration":0.8164999999999054,"failureMessages":[],"meta":{},"tags":[]},{"ancestorTitles":["blog internal link resolver (integration)"],"fullName":"blog internal link resolver (integration) resolver.resolve returns a published URL","status":"passed","title":"resolver.resolve returns a published URL","duration":47.70480000000043,"failureMessages":[],"meta":{},"tags":[]},{"ancestorTitles":["blog internal link resolver (integration)"],"fullName":"blog internal link resolver (integration) resolver.resolve reports missing targets","status":"passed","title":"resolver.resolve reports missing targets","duration":2.6836999999995896,"failureMessages":[],"meta":{},"tags":[]},{"ancestorTitles":["blog internal link resolver (integration)"],"fullName":"blog internal link resolver (integration) resolver.search finds posts by title","status":"passed","title":"resolver.search finds posts by title","duration":3.2815999999993437,"failureMessages":[],"meta":{},"tags":[]},{"ancestorTitles":["blog internal link resolver (integration)"],"fullName":"blog internal link resolver (integration) detectDeadInternalLinks flags a slug absent from validTargets","status":"passed","title":"detectDeadInternalLinks flags a slug absent from validTargets","duration":2.7484999999996944,"failureMessages":[],"meta":{},"tags":[]},{"ancestorTitles":["blog internal link resolver (integration)"],"fullName":"blog internal link resolver (integration) markDeadInternalLinks adds the dead-link class","status":"passed","title":"markDeadInternalLinks adds the dead-link class","duration":0.7238999999999578,"failureMessages":[],"meta":{},"tags":[]},{"ancestorTitles":["blog internal link resolver (integration)"],"fullName":"blog internal link resolver (integration) valid internal links are not flagged","status":"passed","title":"valid internal links are not flagged","duration":0.688799999999901,"failureMessages":[],"meta":{},"tags":[]}],"startTime":1789967403492,"endTime":1789967403554.6887,"status":"passed","message":"","name":"C:/Users/Utilisateur/Documents/t3code/atlaselle/tests/integration/blog-internal-link.test.ts"},{"assertionResults":[{"ancestorTitles":["Booking tunnel — mock provider (real DB)"],"fullName":"Booking tunnel — mock provider (real DB) runs approved → checkout → payment → confirmation with hold conversion","status":"passed","title":"runs approved → checkout → payment → confirmation with hold conversion","duration":268.84040000000005,"failureMessages":[],"meta":{},"tags":[]},{"ancestorTitles":["Booking tunnel — mock provider (real DB)"],"fullName":"Booking tunnel — mock provider (real DB) treats duplicate webhooks as idempotent","status":"passed","title":"treats duplicate webhooks as idempotent","duration":77.44849999999951,"failureMessages":[],"meta":{},"tags":[]},{"ancestorTitles":["Booking tunnel — mock provider (real DB)"],"fullName":"Booking tunnel — mock provider (real DB) rejects amount mismatches","status":"passed","title":"rejects amount mismatches","duration":66.9960000000001,"failureMessages":[],"meta":{},"tags":[]},{"ancestorTitles":["Booking tunnel — mock provider (real DB)"],"fullName":"Booking tunnel — mock provider (real DB) refunds a paid booking","status":"passed","title":"refunds a paid booking","duration":89.48649999999998,"failureMessages":[],"meta":{},"tags":[]},{"ancestorTitles":["Booking tunnel — mock provider (real DB)"],"fullName":"Booking tunnel — mock provider (real DB) charges deposit first, then balance to completion","status":"passed","title":"charges deposit first, then balance to completion","duration":134.03060000000005,"failureMessages":[],"meta":{},"tags":[]}],"startTime":1789967369777,"endTime":1789967370415.0305,"status":"passed","message":"","name":"C:/Users/Utilisateur/Documents/t3code/atlaselle/tests/integration/booking-tunnel.test.ts"},{"assertionResults":[{"ancestorTitles":["Cancellation policy + auto-refund + expiry jobs (real DB)"],"fullName":"Cancellation policy + auto-refund + expiry jobs (real DB) auto-refunds 100% more than 45 days out","status":"passed","title":"auto-refunds 100% more than 45 days out","duration":194.0610999999999,"failureMessages":[],"meta":{},"tags":[]},{"ancestorTitles":["Cancellation policy + auto-refund + expiry jobs (real DB)"],"fullName":"Cancellation policy + auto-refund + expiry jobs (real DB) auto-refunds 50% between 15 and 45 days","status":"passed","title":"auto-refunds 50% between 15 and 45 days","duration":51.478399999999965,"failureMessages":[],"meta":{},"tags":[]},{"ancestorTitles":["Cancellation policy + auto-refund + expiry jobs (real DB)"],"fullName":"Cancellation policy + auto-refund + expiry jobs (real DB) cancels without refund under 15 days","status":"passed","title":"cancels without refund under 15 days","duration":22.925600000000486,"failureMessages":[],"meta":{},"tags":[]},{"ancestorTitles":["Cancellation policy + auto-refund + expiry jobs (real DB)"],"fullName":"Cancellation policy + auto-refund + expiry jobs (real DB) expires stale undecided applications","status":"passed","title":"expires stale undecided applications","duration":30.068600000000515,"failureMessages":[],"meta":{},"tags":[]},{"ancestorTitles":["Cancellation policy + auto-refund + expiry jobs (real DB)"],"fullName":"Cancellation policy + auto-refund + expiry jobs (real DB) moves confirmed past-due balances to balance_due","status":"passed","title":"moves confirmed past-due balances to balance_due","duration":13.354800000000068,"failureMessages":[],"meta":{},"tags":[]}],"startTime":1789967388309,"endTime":1789967388622.3547,"status":"passed","message":"","name":"C:/Users/Utilisateur/Documents/t3code/atlaselle/tests/integration/cancellation.test.ts"},{"assertionResults":[{"ancestorTitles":["CMS Admin — Pages"],"fullName":"CMS Admin — Pages creates a page","status":"passed","title":"creates a page","duration":211.97960000000012,"failureMessages":[],"meta":{},"tags":[]},{"ancestorTitles":["CMS Admin — Pages"],"fullName":"CMS Admin — Pages updates a page","status":"passed","title":"updates a page","duration":9.354599999999891,"failureMessages":[],"meta":{},"tags":[]},{"ancestorTitles":["CMS Admin — Pages"],"fullName":"CMS Admin — Pages enforces unique locale+slug constraint","status":"passed","title":"enforces unique locale+slug constraint","duration":12.080600000000004,"failureMessages":[],"meta":{},"tags":[]},{"ancestorTitles":["CMS Admin — Pages"],"fullName":"CMS Admin — Pages deletes a page","status":"passed","title":"deletes a page","duration":91.78789999999981,"failureMessages":[],"meta":{},"tags":[]},{"ancestorTitles":["CMS Admin — Sections"],"fullName":"CMS Admin — Sections creates a parent page then a section","status":"passed","title":"creates a parent page then a section","duration":22.33330000000001,"failureMessages":[],"meta":{},"tags":[]},{"ancestorTitles":["CMS Admin — Sections"],"fullName":"CMS Admin — Sections updates a section","status":"passed","title":"updates a section","duration":3.723700000000008,"failureMessages":[],"meta":{},"tags":[]},{"ancestorTitles":["CMS Admin — Sections"],"fullName":"CMS Admin — Sections deletes a section","status":"passed","title":"deletes a section","duration":3.1516999999998916,"failureMessages":[],"meta":{},"tags":[]},{"ancestorTitles":["CMS Admin — Themes"],"fullName":"CMS Admin — Themes creates a theme","status":"passed","title":"creates a theme","duration":7.876099999999951,"failureMessages":[],"meta":{},"tags":[]},{"ancestorTitles":["CMS Admin — Themes"],"fullName":"CMS Admin — Themes updates a theme with colors","status":"passed","title":"updates a theme with colors","duration":7.11889999999994,"failureMessages":[],"meta":{},"tags":[]},{"ancestorTitles":["CMS Admin — Themes"],"fullName":"CMS Admin — Themes activating a theme deactivates others","status":"passed","title":"activating a theme deactivates others","duration":6.245899999999892,"failureMessages":[],"meta":{},"tags":[]},{"ancestorTitles":["CMS Admin — Themes"],"fullName":"CMS Admin — Themes deletes a theme","status":"passed","title":"deletes a theme","duration":2.864900000000034,"failureMessages":[],"meta":{},"tags":[]},{"ancestorTitles":["CMS Admin — Social Links"],"fullName":"CMS Admin — Social Links creates a social link","status":"passed","title":"creates a social link","duration":3.1622999999999593,"failureMessages":[],"meta":{},"tags":[]},{"ancestorTitles":["CMS Admin — Social Links"],"fullName":"CMS Admin — Social Links updates a social link","status":"passed","title":"updates a social link","duration":4.66800000000012,"failureMessages":[],"meta":{},"tags":[]},{"ancestorTitles":["CMS Admin — Social Links"],"fullName":"CMS Admin — Social Links deletes a social link","status":"passed","title":"deletes a social link","duration":1.682800000000043,"failureMessages":[],"meta":{},"tags":[]}],"startTime":1789967399474,"endTime":1789967399864.6829,"status":"passed","message":"","name":"C:/Users/Utilisateur/Documents/t3code/atlaselle/tests/integration/cms-admin.test.ts"},{"assertionResults":[{"ancestorTitles":["CMS content loaders (real DB)"],"fullName":"CMS content loaders (real DB) searchContent retourne [] sur requête vide","status":"passed","title":"searchContent retourne [] sur requête vide","duration":6.324799999999868,"failureMessages":[],"meta":{},"tags":[]},{"ancestorTitles":["CMS content loaders (real DB)"],"fullName":"CMS content loaders (real DB) searchContent répond sur un terme générique sans jeter (infra FTS requise)","status":"passed","title":"searchContent répond sur un terme générique sans jeter (infra FTS requise)","duration":294.86390000000006,"failureMessages":[],"meta":{},"tags":[]},{"ancestorTitles":["CMS content loaders (real DB)"],"fullName":"CMS content loaders (real DB) exportCmsContent exporte version 1","status":"passed","title":"exportCmsContent exporte version 1","duration":103.27279999999996,"failureMessages":[],"meta":{},"tags":[]}],"startTime":1789967405146,"endTime":1789967405551.2727,"status":"passed","message":"","name":"C:/Users/Utilisateur/Documents/t3code/atlaselle/tests/integration/cms-content.test.ts"},{"assertionResults":[{"ancestorTitles":["Consent CMS — Seed data"],"fullName":"Consent CMS — Seed data has exactly 4 consent rows (one per locale)","status":"passed","title":"has exactly 4 consent rows (one per locale)","duration":113.65820000000008,"failureMessages":[],"meta":{},"tags":[]},{"ancestorTitles":["Consent CMS — Seed data"],"fullName":"Consent CMS — Seed data locale fr has all required text fields populated","status":"passed","title":"locale fr has all required text fields populated","duration":8.541099999999915,"failureMessages":[],"meta":{},"tags":[]},{"ancestorTitles":["Consent CMS — Seed data"],"fullName":"Consent CMS — Seed data locale en has all required text fields populated","status":"passed","title":"locale en has all required text fields populated","duration":3.2200000000000273,"failureMessages":[],"meta":{},"tags":[]},{"ancestorTitles":["Consent CMS — Seed data"],"fullName":"Consent CMS — Seed data locale es has all required text fields populated","status":"passed","title":"locale es has all required text fields populated","duration":2.618600000000015,"failureMessages":[],"meta":{},"tags":[]},{"ancestorTitles":["Consent CMS — Seed data"],"fullName":"Consent CMS — Seed data locale ar has all required text fields populated","status":"passed","title":"locale ar has all required text fields populated","duration":2.7556999999999334,"failureMessages":[],"meta":{},"tags":[]},{"ancestorTitles":["Consent CMS — Seed data"],"fullName":"Consent CMS — Seed data locale fr has correct privacy policy URL","status":"passed","title":"locale fr has correct privacy policy URL","duration":2.268000000000029,"failureMessages":[],"meta":{},"tags":[]},{"ancestorTitles":["Consent CMS — Seed data"],"fullName":"Consent CMS — Seed data locale en has correct privacy policy URL","status":"passed","title":"locale en has correct privacy policy URL","duration":1.8484000000000833,"failureMessages":[],"meta":{},"tags":[]},{"ancestorTitles":["Consent CMS — Seed data"],"fullName":"Consent CMS — Seed data locale es has correct privacy policy URL","status":"passed","title":"locale es has correct privacy policy URL","duration":1.2382000000000062,"failureMessages":[],"meta":{},"tags":[]},{"ancestorTitles":["Consent CMS — Seed data"],"fullName":"Consent CMS — Seed data locale ar has correct privacy policy URL","status":"passed","title":"locale ar has correct privacy policy URL","duration":2.6047000000000935,"failureMessages":[],"meta":{},"tags":[]},{"ancestorTitles":["Consent CMS — Seed data"],"fullName":"Consent CMS — Seed data locale fr has isActive=true","status":"passed","title":"locale fr has isActive=true","duration":2.241700000000037,"failureMessages":[],"meta":{},"tags":[]},{"ancestorTitles":["Consent CMS — Seed data"],"fullName":"Consent CMS — Seed data locale en has isActive=true","status":"passed","title":"locale en has isActive=true","duration":1.4909999999999854,"failureMessages":[],"meta":{},"tags":[]},{"ancestorTitles":["Consent CMS — Seed data"],"fullName":"Consent CMS — Seed data locale es has isActive=true","status":"passed","title":"locale es has isActive=true","duration":1.179399999999987,"failureMessages":[],"meta":{},"tags":[]},{"ancestorTitles":["Consent CMS — Seed data"],"fullName":"Consent CMS — Seed data locale ar has isActive=true","status":"passed","title":"locale ar has isActive=true","duration":1.1949000000001888,"failureMessages":[],"meta":{},"tags":[]},{"ancestorTitles":["Consent CMS — getConsentSettings loader"],"fullName":"Consent CMS — getConsentSettings loader returns consent data for fr","status":"passed","title":"returns consent data for fr","duration":3.030899999999974,"failureMessages":[],"meta":{},"tags":[]},{"ancestorTitles":["Consent CMS — getConsentSettings loader"],"fullName":"Consent CMS — getConsentSettings loader returns consent data for en","status":"passed","title":"returns consent data for en","duration":1.7221000000001823,"failureMessages":[],"meta":{},"tags":[]},{"ancestorTitles":["Consent CMS — getConsentSettings loader"],"fullName":"Consent CMS — getConsentSettings loader returns consent data for es","status":"passed","title":"returns consent data for es","duration":4.163500000000113,"failureMessages":[],"meta":{},"tags":[]},{"ancestorTitles":["Consent CMS — getConsentSettings loader"],"fullName":"Consent CMS — getConsentSettings loader returns consent data for ar","status":"passed","title":"returns consent data for ar","duration":1.6980000000000928,"failureMessages":[],"meta":{},"tags":[]},{"ancestorTitles":["Consent CMS — getConsentSettings loader"],"fullName":"Consent CMS — getConsentSettings loader returns correct FR content","status":"passed","title":"returns correct FR content","duration":0.6511000000000422,"failureMessages":[],"meta":{},"tags":[]},{"ancestorTitles":["Consent CMS — getConsentSettings loader"],"fullName":"Consent CMS — getConsentSettings loader returns correct EN content","status":"passed","title":"returns correct EN content","duration":0.39419999999995525,"failureMessages":[],"meta":{},"tags":[]},{"ancestorTitles":["Consent CMS — getConsentSettings loader"],"fullName":"Consent CMS — getConsentSettings loader returns null for invalid locale","status":"passed","title":"returns null for invalid locale","duration":0.25270000000000437,"failureMessages":[],"meta":{},"tags":[]},{"ancestorTitles":["Consent CMS — getConsentSettings loader"],"fullName":"Consent CMS — getConsentSettings loader returns null for empty string","status":"passed","title":"returns null for empty string","duration":0.2378000000001066,"failureMessages":[],"meta":{},"tags":[]},{"ancestorTitles":["Consent CMS — DB operations"],"fullName":"Consent CMS — DB operations inserts a new consent row","status":"passed","title":"inserts a new consent row","duration":5.931299999999965,"failureMessages":[],"meta":{},"tags":[]},{"ancestorTitles":["Consent CMS — DB operations"],"fullName":"Consent CMS — DB operations updates a consent row","status":"passed","title":"updates a consent row","duration":6.152000000000044,"failureMessages":[],"meta":{},"tags":[]},{"ancestorTitles":["Consent CMS — DB operations"],"fullName":"Consent CMS — DB operations enforces unique locale constraint","status":"passed","title":"enforces unique locale constraint","duration":8.01240000000007,"failureMessages":[],"meta":{},"tags":[]},{"ancestorTitles":["Consent CMS — DB operations"],"fullName":"Consent CMS — DB operations deletes a consent row","status":"passed","title":"deletes a consent row","duration":87.20950000000016,"failureMessages":[],"meta":{},"tags":[]}],"startTime":1789967407219,"endTime":1789967407486.2095,"status":"passed","message":"","name":"C:/Users/Utilisateur/Documents/t3code/atlaselle/tests/integration/consent-cms.test.ts"},{"assertionResults":[{"ancestorTitles":["/api/contact — integration pipeline"],"fullName":"/api/contact — integration pipeline validates and sanitises a well-formed contact submission","status":"passed","title":"validates and sanitises a well-formed contact submission","duration":12.814099999999598,"failureMessages":[],"meta":{},"tags":[]},{"ancestorTitles":["/api/contact — integration pipeline"],"fullName":"/api/contact — integration pipeline strips XSS from all text fields via DOMPurify","status":"passed","title":"strips XSS from all text fields via DOMPurify","duration":43.767399999999725,"failureMessages":[],"meta":{},"tags":[]},{"ancestorTitles":["/api/contact — integration pipeline"],"fullName":"/api/contact — integration pipeline rejects non-JSON body (simulated via invalid input)","status":"passed","title":"rejects non-JSON body (simulated via invalid input)","duration":0.7482999999992899,"failureMessages":[],"meta":{},"tags":[]},{"ancestorTitles":["/api/contact — integration pipeline"],"fullName":"/api/contact — integration pipeline rejects all 4 invalid locales","status":"passed","title":"rejects all 4 invalid locales","duration":4.101300000000265,"failureMessages":[],"meta":{},"tags":[]},{"ancestorTitles":["/api/contact — integration pipeline"],"fullName":"/api/contact — integration pipeline accepts all 4 valid locales","status":"passed","title":"accepts all 4 valid locales","duration":3.5760999999993146,"failureMessages":[],"meta":{},"tags":[]},{"ancestorTitles":["/api/contact — integration pipeline"],"fullName":"/api/contact — integration pipeline enforces rate limit: 3 per 300s per IP, then blocks","status":"passed","title":"enforces rate limit: 3 per 300s per IP, then blocks","duration":1.313999999999396,"failureMessages":[],"meta":{},"tags":[]},{"ancestorTitles":["/api/contact — integration pipeline"],"fullName":"/api/contact — integration pipeline uses tighter global bucket when no IP is available","status":"passed","title":"uses tighter global bucket when no IP is available","duration":1.105399999999463,"failureMessages":[],"meta":{},"tags":[]},{"ancestorTitles":["/api/contact — integration pipeline"],"fullName":"/api/contact — integration pipeline extractIp uses x-forwarded-for when TRUST_PROXY=true","status":"passed","title":"extractIp uses x-forwarded-for when TRUST_PROXY=true","duration":2.385599999999613,"failureMessages":[],"meta":{},"tags":[]},{"ancestorTitles":["/api/contact — integration pipeline"],"fullName":"/api/contact — integration pipeline extractIp returns null when no proxy and no clientAddress","status":"passed","title":"extractIp returns null when no proxy and no clientAddress","duration":1.2015000000001237,"failureMessages":[],"meta":{},"tags":[]},{"ancestorTitles":["/api/contact — integration pipeline"],"fullName":"/api/contact — integration pipeline generates a complete email template from validated data","status":"passed","title":"generates a complete email template from validated data","duration":2.2248000000008687,"failureMessages":[],"meta":{},"tags":[]},{"ancestorTitles":["/api/contact — integration pipeline"],"fullName":"/api/contact — integration pipeline generates urgent email template with URGENT badge","status":"passed","title":"generates urgent email template with URGENT badge","duration":0.6018999999996595,"failureMessages":[],"meta":{},"tags":[]},{"ancestorTitles":["/api/contact — integration pipeline"],"fullName":"/api/contact — integration pipeline writes CONTACT_FORM_SUBMIT audit event to database","status":"passed","title":"writes CONTACT_FORM_SUBMIT audit event to database","duration":169.40549999999985,"failureMessages":[],"meta":{},"tags":[]},{"ancestorTitles":["/api/contact — integration pipeline"],"fullName":"/api/contact — integration pipeline end-to-end: XSS payload → sanitised → safe template → audit","status":"passed","title":"end-to-end: XSS payload → sanitised → safe template → audit","duration":19.819400000000314,"failureMessages":[],"meta":{},"tags":[]}],"startTime":1789967404937,"endTime":1789967405200.8193,"status":"passed","message":"","name":"C:/Users/Utilisateur/Documents/t3code/atlaselle/tests/integration/contact-api.test.ts"},{"assertionResults":[{"ancestorTitles":["Database — Health"],"fullName":"Database — Health checkConnection returns ok with valid latency","status":"passed","title":"checkConnection returns ok with valid latency","duration":140.58709999999996,"failureMessages":[],"meta":{},"tags":[]},{"ancestorTitles":["Database — Health"],"fullName":"Database — Health getDrizzle returns the same instance (singleton)","status":"passed","title":"getDrizzle returns the same instance (singleton)","duration":0.6588999999999032,"failureMessages":[],"meta":{},"tags":[]},{"ancestorTitles":["Database — Health"],"fullName":"Database — Health can execute a raw query via drizzle","status":"passed","title":"can execute a raw query via drizzle","duration":4.063100000000077,"failureMessages":[],"meta":{},"tags":[]},{"ancestorTitles":["Database — Health"],"fullName":"Database — Health getLazyDrizzle proxy delegates to current instance","status":"passed","title":"getLazyDrizzle proxy delegates to current instance","duration":1.3408999999999196,"failureMessages":[],"meta":{},"tags":[]}],"startTime":1789967411058,"endTime":1789967411204.3408,"status":"passed","message":"","name":"C:/Users/Utilisateur/Documents/t3code/atlaselle/tests/integration/db-health.test.ts"},{"assertionResults":[{"ancestorTitles":["Email worker — outbox → deliveries (real DB, stubbed SMTP)"],"fullName":"Email worker — outbox → deliveries (real DB, stubbed SMTP) sends application emails from outbox events","status":"passed","title":"sends application emails from outbox events","duration":99.2809000000002,"failureMessages":[],"meta":{},"tags":[]},{"ancestorTitles":["Email worker — outbox → deliveries (real DB, stubbed SMTP)"],"fullName":"Email worker — outbox → deliveries (real DB, stubbed SMTP) skips unknown events (marked done, no email)","status":"passed","title":"skips unknown events (marked done, no email)","duration":8.928200000000288,"failureMessages":[],"meta":{},"tags":[]},{"ancestorTitles":["Email worker — outbox → deliveries (real DB, stubbed SMTP)"],"fullName":"Email worker — outbox → deliveries (real DB, stubbed SMTP) sends balance reminders once (dedupe)","status":"passed","title":"sends balance reminders once (dedupe)","duration":26.14800000000014,"failureMessages":[],"meta":{},"tags":[]},{"ancestorTitles":["Email worker — outbox → deliveries (real DB, stubbed SMTP)"],"fullName":"Email worker — outbox → deliveries (real DB, stubbed SMTP) sends pre-trip and post-trip reminders once","status":"passed","title":"sends pre-trip and post-trip reminders once","duration":73.85249999999996,"failureMessages":[],"meta":{},"tags":[]},{"ancestorTitles":["Email worker — outbox → deliveries (real DB, stubbed SMTP)"],"fullName":"Email worker — outbox → deliveries (real DB, stubbed SMTP) records failed deliveries with events","status":"passed","title":"records failed deliveries with events","duration":10.970000000000255,"failureMessages":[],"meta":{},"tags":[]},{"ancestorTitles":["Email worker — outbox → deliveries (real DB, stubbed SMTP)"],"fullName":"Email worker — outbox → deliveries (real DB, stubbed SMTP) dead-letters outbox events after max attempts","status":"passed","title":"dead-letters outbox events after max attempts","duration":9.560100000000148,"failureMessages":[],"meta":{},"tags":[]},{"ancestorTitles":["Email worker — outbox → deliveries (real DB, stubbed SMTP)"],"fullName":"Email worker — outbox → deliveries (real DB, stubbed SMTP) requeues dead-letter events via action","status":"passed","title":"requeues dead-letter events via action","duration":2196.0240000000003,"failureMessages":[],"meta":{},"tags":[]}],"startTime":1789967344722,"endTime":1789967347148.024,"status":"passed","message":"","name":"C:/Users/Utilisateur/Documents/t3code/atlaselle/tests/integration/email-worker.test.ts"},{"assertionResults":[{"ancestorTitles":["API — /api/export-data"],"fullName":"API — /api/export-data returns null session for unauthenticated request","status":"passed","title":"returns null session for unauthenticated request","duration":47.49369999999999,"failureMessages":[],"meta":{},"tags":[]},{"ancestorTitles":["API — /api/export-data"],"fullName":"API — /api/export-data returns user data for authenticated request via auth.api","status":"passed","title":"returns user data for authenticated request via auth.api","duration":8.745699999999943,"failureMessages":[],"meta":{},"tags":[]},{"ancestorTitles":["API — /api/export-data"],"fullName":"API — /api/export-data export query returns accounts for the user","status":"passed","title":"export query returns accounts for the user","duration":5.526899999999841,"failureMessages":[],"meta":{},"tags":[]}],"startTime":1789967398383,"endTime":1789967398445.5269,"status":"passed","message":"","name":"C:/Users/Utilisateur/Documents/t3code/atlaselle/tests/integration/export.test.ts"},{"assertionResults":[{"ancestorTitles":["Itinerary, contents and FAQ admin (real DB)"],"fullName":"Itinerary, contents and FAQ admin (real DB) creates, translates, locks and deletes itinerary days","status":"passed","title":"creates, translates, locks and deletes itinerary days","duration":310.7558000000008,"failureMessages":[],"meta":{},"tags":[]},{"ancestorTitles":["Itinerary, contents and FAQ admin (real DB)"],"fullName":"Itinerary, contents and FAQ admin (real DB) manages highlights, inclusions and exclusions with validation","status":"passed","title":"manages highlights, inclusions and exclusions with validation","duration":75.38580000000002,"failureMessages":[],"meta":{},"tags":[]},{"ancestorTitles":["Itinerary, contents and FAQ admin (real DB)"],"fullName":"Itinerary, contents and FAQ admin (real DB) covers exclusion kind and optimistic lock on all content kinds","status":"passed","title":"covers exclusion kind and optimistic lock on all content kinds","duration":83.1921999999995,"failureMessages":[],"meta":{},"tags":[]},{"ancestorTitles":["Itinerary, contents and FAQ admin (real DB)"],"fullName":"Itinerary, contents and FAQ admin (real DB) creates, translates, links and unlinks FAQs","status":"passed","title":"creates, translates, links and unlinks FAQs","duration":59.813500000000204,"failureMessages":[],"meta":{},"tags":[]}],"startTime":1789967380308,"endTime":1789967380837.8135,"status":"passed","message":"","name":"C:/Users/Utilisateur/Documents/t3code/atlaselle/tests/integration/itinerary-contents-faq.test.ts"},{"assertionResults":[{"ancestorTitles":["Legal CMS — Seed data"],"fullName":"Legal CMS — Seed data has exactly 12 legal pages (3 per locale: notice, booking terms, insurance)","status":"passed","title":"has exactly 12 legal pages (3 per locale: notice, booking terms, insurance)","duration":138.40470000000005,"failureMessages":[],"meta":{},"tags":[]},{"ancestorTitles":["Legal CMS — Seed data"],"fullName":"Legal CMS — Seed data locale fr has 3 FAQ sections","status":"passed","title":"locale fr has 3 FAQ sections","duration":12.546699999999873,"failureMessages":[],"meta":{},"tags":[]},{"ancestorTitles":["Legal CMS — Seed data"],"fullName":"Legal CMS — Seed data locale en has 3 FAQ sections","status":"passed","title":"locale en has 3 FAQ sections","duration":4.456699999999955,"failureMessages":[],"meta":{},"tags":[]},{"ancestorTitles":["Legal CMS — Seed data"],"fullName":"Legal CMS — Seed data locale es has 3 FAQ sections","status":"passed","title":"locale es has 3 FAQ sections","duration":3.957499999999982,"failureMessages":[],"meta":{},"tags":[]},{"ancestorTitles":["Legal CMS — Seed data"],"fullName":"Legal CMS — Seed data locale ar has 3 FAQ sections","status":"passed","title":"locale ar has 3 FAQ sections","duration":4.811500000000024,"failureMessages":[],"meta":{},"tags":[]},{"ancestorTitles":["Legal CMS — Seed data"],"fullName":"Legal CMS — Seed data locale fr section content is valid JSON with items","status":"passed","title":"locale fr section content is valid JSON with items","duration":6.404700000000048,"failureMessages":[],"meta":{},"tags":[]},{"ancestorTitles":["Legal CMS — Seed data"],"fullName":"Legal CMS — Seed data locale en section content is valid JSON with items","status":"passed","title":"locale en section content is valid JSON with items","duration":4.965599999999995,"failureMessages":[],"meta":{},"tags":[]},{"ancestorTitles":["Legal CMS — Seed data"],"fullName":"Legal CMS — Seed data locale es section content is valid JSON with items","status":"passed","title":"locale es section content is valid JSON with items","duration":4.6568999999999505,"failureMessages":[],"meta":{},"tags":[]},{"ancestorTitles":["Legal CMS — Seed data"],"fullName":"Legal CMS — Seed data locale ar section content is valid JSON with items","status":"passed","title":"locale ar section content is valid JSON with items","duration":4.919300000000021,"failureMessages":[],"meta":{},"tags":[]},{"ancestorTitles":["Legal CMS — getPage loader"],"fullName":"Legal CMS — getPage loader loads published legal page for fr","status":"passed","title":"loads published legal page for fr","duration":8.075000000000045,"failureMessages":[],"meta":{},"tags":[]},{"ancestorTitles":["Legal CMS — getPage loader"],"fullName":"Legal CMS — getPage loader loads published legal page for en","status":"passed","title":"loads published legal page for en","duration":3.843699999999899,"failureMessages":[],"meta":{},"tags":[]},{"ancestorTitles":["Legal CMS — getPage loader"],"fullName":"Legal CMS — getPage loader loads published legal page for es","status":"passed","title":"loads published legal page for es","duration":3.6096999999999753,"failureMessages":[],"meta":{},"tags":[]},{"ancestorTitles":["Legal CMS — getPage loader"],"fullName":"Legal CMS — getPage loader loads published legal page for ar","status":"passed","title":"loads published legal page for ar","duration":3.58199999999988,"failureMessages":[],"meta":{},"tags":[]},{"ancestorTitles":["Legal CMS — getPage loader"],"fullName":"Legal CMS — getPage loader returns 3 visible sections for fr","status":"passed","title":"returns 3 visible sections for fr","duration":1.7911999999998898,"failureMessages":[],"meta":{},"tags":[]},{"ancestorTitles":["Legal CMS — getPage loader"],"fullName":"Legal CMS — getPage loader returns 3 visible sections for en","status":"passed","title":"returns 3 visible sections for en","duration":0.5045000000000073,"failureMessages":[],"meta":{},"tags":[]},{"ancestorTitles":["Legal CMS — getPage loader"],"fullName":"Legal CMS — getPage loader returns 3 visible sections for es","status":"passed","title":"returns 3 visible sections for es","duration":0.42859999999996035,"failureMessages":[],"meta":{},"tags":[]},{"ancestorTitles":["Legal CMS — getPage loader"],"fullName":"Legal CMS — getPage loader returns 3 visible sections for ar","status":"passed","title":"returns 3 visible sections for ar","duration":0.3876000000000204,"failureMessages":[],"meta":{},"tags":[]},{"ancestorTitles":["Legal CMS — getPage loader"],"fullName":"Legal CMS — getPage loader returns null for non-existent slug","status":"passed","title":"returns null for non-existent slug","duration":1.975500000000011,"failureMessages":[],"meta":{},"tags":[]},{"ancestorTitles":["Legal CMS — getPage loader"],"fullName":"Legal CMS — getPage loader returns null for invalid locale","status":"passed","title":"returns null for invalid locale","duration":0.3205000000000382,"failureMessages":[],"meta":{},"tags":[]}],"startTime":1789967405527,"endTime":1789967405739.3206,"status":"passed","message":"","name":"C:/Users/Utilisateur/Documents/t3code/atlaselle/tests/integration/legal-cms.test.ts"},{"assertionResults":[{"ancestorTitles":["Middleware logic — getSession with headers"],"fullName":"Middleware logic — getSession with headers returns user and session for authenticated headers","status":"passed","title":"returns user and session for authenticated headers","duration":71.3389000000002,"failureMessages":[],"meta":{},"tags":[]},{"ancestorTitles":["Middleware logic — getSession with headers"],"fullName":"Middleware logic — getSession with headers returns null for empty headers (unauthenticated)","status":"passed","title":"returns null for empty headers (unauthenticated)","duration":2.084700000000339,"failureMessages":[],"meta":{},"tags":[]},{"ancestorTitles":["Middleware logic — getSession with headers"],"fullName":"Middleware logic — getSession with headers returns null for invalid auth token","status":"passed","title":"returns null for invalid auth token","duration":1.902299999999741,"failureMessages":[],"meta":{},"tags":[]},{"ancestorTitles":["Middleware logic — getSession with headers"],"fullName":"Middleware logic — getSession with headers returns null for expired/revoked session","status":"passed","title":"returns null for expired/revoked session","duration":113.17490000000043,"failureMessages":[],"meta":{},"tags":[]}],"startTime":1789967394039,"endTime":1789967394228.1748,"status":"passed","message":"","name":"C:/Users/Utilisateur/Documents/t3code/atlaselle/tests/integration/middleware.test.ts"},{"assertionResults":[{"ancestorTitles":["assertNoCycle — navigation hierarchy"],"fullName":"assertNoCycle — navigation hierarchy throws when item is its own parent","status":"passed","title":"throws when item is its own parent","duration":23.233999999999924,"failureMessages":[],"meta":{},"tags":[]},{"ancestorTitles":["assertNoCycle — navigation hierarchy"],"fullName":"assertNoCycle — navigation hierarchy allows a valid parent-child relationship","status":"passed","title":"allows a valid parent-child relationship","duration":15.820000000000164,"failureMessages":[],"meta":{},"tags":[]},{"ancestorTitles":["assertNoCycle — navigation hierarchy"],"fullName":"assertNoCycle — navigation hierarchy detects A→B→A cycle","status":"passed","title":"detects A→B→A cycle","duration":7.261800000000221,"failureMessages":[],"meta":{},"tags":[]},{"ancestorTitles":["assertNoCycle — navigation hierarchy"],"fullName":"assertNoCycle — navigation hierarchy detects A→B→C→A three-node cycle","status":"passed","title":"detects A→B→C→A three-node cycle","duration":8.77520000000004,"failureMessages":[],"meta":{},"tags":[]},{"ancestorTitles":["assertNoCycle — navigation hierarchy"],"fullName":"assertNoCycle — navigation hierarchy allows reassigning parent to a non-ancestor node","status":"passed","title":"allows reassigning parent to a non-ancestor node","duration":6.913299999999708,"failureMessages":[],"meta":{},"tags":[]},{"ancestorTitles":["assertNoCycle — navigation hierarchy"],"fullName":"assertNoCycle — navigation hierarchy handles parentId pointing to non-existent item (no crash)","status":"passed","title":"handles parentId pointing to non-existent item (no crash)","duration":5.748000000000047,"failureMessages":[],"meta":{},"tags":[]}],"startTime":1789967407303,"endTime":1789967407371.748,"status":"passed","message":"","name":"C:/Users/Utilisateur/Documents/t3code/atlaselle/tests/integration/navigation-cycle.test.ts"},{"assertionResults":[{"ancestorTitles":["Payments endpoints (mock provider by default)"],"fullName":"Payments endpoints (mock provider by default) rejects Stripe webhooks when provider is mock","status":"passed","title":"rejects Stripe webhooks when provider is mock","duration":37.37760000000003,"failureMessages":[],"meta":{},"tags":[]},{"ancestorTitles":["Payments endpoints (mock provider by default)"],"fullName":"Payments endpoints (mock provider by default) rejects invalid Stripe signatures with 400","status":"passed","title":"rejects invalid Stripe signatures with 400","duration":4.545900000000074,"failureMessages":[],"meta":{},"tags":[]},{"ancestorTitles":["Payments endpoints (mock provider by default)"],"fullName":"Payments endpoints (mock provider by default) processes unknown Stripe events as 200 without side effects","status":"passed","title":"processes unknown Stripe events as 200 without side effects","duration":2.626800000000003,"failureMessages":[],"meta":{},"tags":[]},{"ancestorTitles":["Payments endpoints (mock provider by default)"],"fullName":"Payments endpoints (mock provider by default) runs the mock callback end to end (302 + confirmed)","status":"passed","title":"runs the mock callback end to end (302 + confirmed)","duration":94.14139999999998,"failureMessages":[],"meta":{},"tags":[]},{"ancestorTitles":["Payments endpoints (mock provider by default)"],"fullName":"Payments endpoints (mock provider by default) returns 404 for unknown mock sessions and non-mock providers","status":"passed","title":"returns 404 for unknown mock sessions and non-mock providers","duration":2.8144999999999527,"failureMessages":[],"meta":{},"tags":[]}],"startTime":1789967393548,"endTime":1789967393689.8145,"status":"passed","message":"","name":"C:/Users/Utilisateur/Documents/t3code/atlaselle/tests/integration/payments-endpoints.test.ts"},{"assertionResults":[{"ancestorTitles":["Repositories — lectures isolées par module (real DB)"],"fullName":"Repositories — lectures isolées par module (real DB) getDepartureById retourne le départ","status":"passed","title":"getDepartureById retourne le départ","duration":13.097700000000032,"failureMessages":[],"meta":{},"tags":[]},{"ancestorTitles":["Repositories — lectures isolées par module (real DB)"],"fullName":"Repositories — lectures isolées par module (real DB) getActiveHoldsByDeparture + countConfirmedByDeparture","status":"passed","title":"getActiveHoldsByDeparture + countConfirmedByDeparture","duration":13.441600000000108,"failureMessages":[],"meta":{},"tags":[]},{"ancestorTitles":["Repositories — lectures isolées par module (real DB)"],"fullName":"Repositories — lectures isolées par module (real DB) lockDepartureForUpdate verrouille dans une transaction","status":"passed","title":"lockDepartureForUpdate verrouille dans une transaction","duration":6.753399999999829,"failureMessages":[],"meta":{},"tags":[]},{"ancestorTitles":["Repositories — lectures isolées par module (real DB)"],"fullName":"Repositories — lectures isolées par module (real DB) getTripTitle retourne null sans traduction","status":"passed","title":"getTripTitle retourne null sans traduction","duration":5.449399999999969,"failureMessages":[],"meta":{},"tags":[]}],"startTime":1789967407543,"endTime":1789967407582.4495,"status":"passed","message":"","name":"C:/Users/Utilisateur/Documents/t3code/atlaselle/tests/integration/repositories.test.ts"},{"assertionResults":[{"ancestorTitles":["Sitemap CMS — voyages"],"fullName":"Sitemap CMS — voyages lists published trips with localized detail URLs","status":"passed","title":"lists published trips with localized detail URLs","duration":1168.1715,"failureMessages":[],"meta":{},"tags":[]},{"ancestorTitles":["Sitemap CMS — voyages"],"fullName":"Sitemap CMS — voyages lists CMS legal pages with ASCII slugs in all locales","status":"passed","title":"lists CMS legal pages with ASCII slugs in all locales","duration":50.70119999999997,"failureMessages":[],"meta":{},"tags":[]}],"startTime":1789967374087,"endTime":1789967375306.7012,"status":"passed","message":"","name":"C:/Users/Utilisateur/Documents/t3code/atlaselle/tests/integration/sitemap.test.ts"},{"assertionResults":[{"ancestorTitles":["Trip loaders (DB voyage)"],"fullName":"Trip loaders (DB voyage) loads a published trip page in French","status":"passed","title":"loads a published trip page in French","duration":77.5018,"failureMessages":[],"meta":{},"tags":[]},{"ancestorTitles":["Trip loaders (DB voyage)"],"fullName":"Trip loaders (DB voyage) returns null for unknown slugs and locales","status":"passed","title":"returns null for unknown slugs and locales","duration":2.812099999999873,"failureMessages":[],"meta":{},"tags":[]},{"ancestorTitles":["Trip loaders (DB voyage)"],"fullName":"Trip loaders (DB voyage) lists published trips with visible translations","status":"passed","title":"lists published trips with visible translations","duration":49.28229999999985,"failureMessages":[],"meta":{},"tags":[]}],"startTime":1789967398104,"endTime":1789967398234.2822,"status":"passed","message":"","name":"C:/Users/Utilisateur/Documents/t3code/atlaselle/tests/integration/trip-loader.test.ts"},{"assertionResults":[{"ancestorTitles":["Voyage action error paths (real DB)"],"fullName":"Voyage action error paths (real DB) updateTrip validates existence and group bounds","status":"passed","title":"updateTrip validates existence and group bounds","duration":43.664999999999964,"failureMessages":[],"meta":{},"tags":[]},{"ancestorTitles":["Voyage action error paths (real DB)"],"fullName":"Voyage action error paths (real DB) upsertTripTranslation requires an existing trip","status":"passed","title":"upsertTripTranslation requires an existing trip","duration":7.532199999999648,"failureMessages":[],"meta":{},"tags":[]},{"ancestorTitles":["Voyage action error paths (real DB)"],"fullName":"Voyage action error paths (real DB) createDeparture validates dates and capacity","status":"passed","title":"createDeparture validates dates and capacity","duration":24.254000000000815,"failureMessages":[],"meta":{},"tags":[]},{"ancestorTitles":["Voyage action error paths (real DB)"],"fullName":"Voyage action error paths (real DB) setDepartureStatus rejects illegal transitions","status":"passed","title":"setDepartureStatus rejects illegal transitions","duration":14.050599999999577,"failureMessages":[],"meta":{},"tags":[]},{"ancestorTitles":["Voyage action error paths (real DB)"],"fullName":"Voyage action error paths (real DB) updateDeparture rejects unknown departures","status":"passed","title":"updateDeparture rejects unknown departures","duration":8.065200000000004,"failureMessages":[],"meta":{},"tags":[]},{"ancestorTitles":["Voyage action error paths (real DB)"],"fullName":"Voyage action error paths (real DB) review supports contact_required with event","status":"passed","title":"review supports contact_required with event","duration":239.9318000000003,"failureMessages":[],"meta":{},"tags":[]},{"ancestorTitles":["Voyage action error paths (real DB)"],"fullName":"Voyage action error paths (real DB) review rejects decisions on draft applications","status":"passed","title":"review rejects decisions on draft applications","duration":23.25500000000011,"failureMessages":[],"meta":{},"tags":[]},{"ancestorTitles":["Voyage action error paths (real DB)"],"fullName":"Voyage action error paths (real DB) submitApplication demands a verified matching user account","status":"passed","title":"submitApplication demands a verified matching user account","duration":18.645800000000236,"failureMessages":[],"meta":{},"tags":[]},{"ancestorTitles":["Voyage action error paths (real DB)"],"fullName":"Voyage action error paths (real DB) submitApplication rejects a missing termsAccepted (BAD_REQUEST)","status":"passed","title":"submitApplication rejects a missing termsAccepted (BAD_REQUEST)","duration":7.464399999999841,"failureMessages":[],"meta":{},"tags":[]},{"ancestorTitles":["Voyage action error paths (real DB)"],"fullName":"Voyage action error paths (real DB) initiateCheckout rejects bad sessions, mismatched emails and doubles","status":"passed","title":"initiateCheckout rejects bad sessions, mismatched emails and doubles","duration":91.24110000000019,"failureMessages":[],"meta":{},"tags":[]},{"ancestorTitles":["Voyage action error paths (real DB)"],"fullName":"Voyage action error paths (real DB) payBalance rejects unknown, settled and mismatched bookings","status":"passed","title":"payBalance rejects unknown, settled and mismatched bookings","duration":2.883600000000115,"failureMessages":[],"meta":{},"tags":[]},{"ancestorTitles":["Voyage action error paths (real DB)"],"fullName":"Voyage action error paths (real DB) refund validates reservation, payment and amount","status":"passed","title":"refund validates reservation, payment and amount","duration":30.04909999999927,"failureMessages":[],"meta":{},"tags":[]},{"ancestorTitles":["Voyage action error paths (real DB)"],"fullName":"Voyage action error paths (real DB) failPaymentByProviderId marks payments failed","status":"passed","title":"failPaymentByProviderId marks payments failed","duration":15.199999999998909,"failureMessages":[],"meta":{},"tags":[]},{"ancestorTitles":["Voyage action error paths (real DB)"],"fullName":"Voyage action error paths (real DB) getValidCheckoutSession expires outdated sessions","status":"passed","title":"getValidCheckoutSession expires outdated sessions","duration":19.03740000000107,"failureMessages":[],"meta":{},"tags":[]},{"ancestorTitles":["Voyage action error paths (real DB)"],"fullName":"Voyage action error paths (real DB) closed departures are not bookable","status":"passed","title":"closed departures are not bookable","duration":9.880600000000413,"failureMessages":[],"meta":{},"tags":[]}],"startTime":1789967371330,"endTime":1789967371887.8806,"status":"passed","message":"","name":"C:/Users/Utilisateur/Documents/t3code/atlaselle/tests/integration/voyage-action-errors.test.ts"},{"assertionResults":[{"ancestorTitles":["actions manquantes — policies, travelers, outbox, email, itinerary, faq, contents"],"fullName":"actions manquantes — policies, travelers, outbox, email, itinerary, faq, contents policies : NOT_FOUND doc, version +1, publish NOT_FOUND + champs","status":"passed","title":"policies : NOT_FOUND doc, version +1, publish NOT_FOUND + champs","duration":236.71619999999984,"failureMessages":[],"meta":{},"tags":[]},{"ancestorTitles":["actions manquantes — policies, travelers, outbox, email, itinerary, faq, contents"],"fullName":"actions manquantes — policies, travelers, outbox, email, itinerary, faq, contents travelers : NOT_FOUND, apps/res non-vides, anonymize conflits et nulls","status":"passed","title":"travelers : NOT_FOUND, apps/res non-vides, anonymize conflits et nulls","duration":177.28520000000026,"failureMessages":[],"meta":{},"tags":[]},{"ancestorTitles":["actions manquantes — policies, travelers, outbox, email, itinerary, faq, contents"],"fullName":"actions manquantes — policies, travelers, outbox, email, itinerary, faq, contents outbox : NOT_FOUND id inexistant","status":"passed","title":"outbox : NOT_FOUND id inexistant","duration":8.673699999999371,"failureMessages":[],"meta":{},"tags":[]},{"ancestorTitles":["actions manquantes — policies, travelers, outbox, email, itinerary, faq, contents"],"fullName":"actions manquantes — policies, travelers, outbox, email, itinerary, faq, contents email : NOT_FOUND, BAD_REQUEST non-failed, dead_letter happy","status":"passed","title":"email : NOT_FOUND, BAD_REQUEST non-failed, dead_letter happy","duration":32.38270000000011,"failureMessages":[],"meta":{},"tags":[]},{"ancestorTitles":["actions manquantes — policies, travelers, outbox, email, itinerary, faq, contents"],"fullName":"actions manquantes — policies, travelers, outbox, email, itinerary, faq, contents itinerary : NOT_FOUND trip, update NOT_FOUND, delete silencieux","status":"passed","title":"itinerary : NOT_FOUND trip, update NOT_FOUND, delete silencieux","duration":17.16569999999956,"failureMessages":[],"meta":{},"tags":[]},{"ancestorTitles":["actions manquantes — policies, travelers, outbox, email, itinerary, faq, contents"],"fullName":"actions manquantes — policies, travelers, outbox, email, itinerary, faq, contents faq sans tripId, trip inconnu sans orphelin, link double, contents delete inclusion/exclusion","status":"passed","title":"faq sans tripId, trip inconnu sans orphelin, link double, contents delete inclusion/exclusion","duration":69.91989999999987,"failureMessages":[],"meta":{},"tags":[]}],"startTime":1789967377120,"endTime":1789967377662.92,"status":"passed","message":"","name":"C:/Users/Utilisateur/Documents/t3code/atlaselle/tests/integration/voyage-actions-missing.test.ts"},{"assertionResults":[{"ancestorTitles":["submitApplication — fermetures, délais, comptes, rate-limit"],"fullName":"submitApplication — fermetures, délais, comptes, rate-limit rate-limit après 5 essais (même IP)","status":"passed","title":"rate-limit après 5 essais (même IP)","duration":178.9367999999995,"failureMessages":[],"meta":{},"tags":[]},{"ancestorTitles":["submitApplication — fermetures, délais, comptes, rate-limit"],"fullName":"submitApplication — fermetures, délais, comptes, rate-limit voyage draft/inconnu -> APPLICATION_CLOSED, départ mismatch -> NOT_FOUND","status":"passed","title":"voyage draft/inconnu -> APPLICATION_CLOSED, départ mismatch -> NOT_FOUND","duration":8.184199999999691,"failureMessages":[],"meta":{},"tags":[]},{"ancestorTitles":["submitApplication — fermetures, délais, comptes, rate-limit"],"fullName":"submitApplication — fermetures, délais, comptes, rate-limit statuts fermés draft/closed/cancelled/completed -> APPLICATION_CLOSED + deadline passée","status":"passed","title":"statuts fermés draft/closed/cancelled/completed -> APPLICATION_CLOSED + deadline passée","duration":16.83940000000075,"failureMessages":[],"meta":{},"tags":[]},{"ancestorTitles":["submitApplication — fermetures, délais, comptes, rate-limit"],"fullName":"submitApplication — fermetures, délais, comptes, rate-limit compte exigé pour tout voyage : UNAUTHORIZED sans session, FORBIDDEN email différent","status":"passed","title":"compte exigé pour tout voyage : UNAUTHORIZED sans session, FORBIDDEN email différent","duration":6.9526999999980035,"failureMessages":[],"meta":{},"tags":[]},{"ancestorTitles":["submitApplication — fermetures, délais, comptes, rate-limit"],"fullName":"submitApplication — fermetures, délais, comptes, rate-limit doublon actif -> CONFLICT, après withdraw -> nouvelle candidature OK","status":"passed","title":"doublon actif -> CONFLICT, après withdraw -> nouvelle candidature OK","duration":42.83320000000094,"failureMessages":[],"meta":{},"tags":[]},{"ancestorTitles":["submitApplication — fermetures, délais, comptes, rate-limit"],"fullName":"submitApplication — fermetures, délais, comptes, rate-limit deux candidatures simultanées même email -> une passe, une EMAIL_CONFLICT","status":"passed","title":"deux candidatures simultanées même email -> une passe, une EMAIL_CONFLICT","duration":125.83729999999923,"failureMessages":[],"meta":{},"tags":[]},{"ancestorTitles":["submitApplication — fermetures, délais, comptes, rate-limit"],"fullName":"submitApplication — fermetures, délais, comptes, rate-limit deux candidatures simultanées voyageur vérifié -> une passe, une DUPLICATE (garde anti-course)","status":"passed","title":"deux candidatures simultanées voyageur vérifié -> une passe, une DUPLICATE (garde anti-course)","duration":16.384699999998702,"failureMessages":[],"meta":{},"tags":[]},{"ancestorTitles":["review/withdraw — décisions et retraits"],"fullName":"review/withdraw — décisions et retraits review NOT_FOUND, approved happy + checkout TTL 7j, declined + event","status":"passed","title":"review NOT_FOUND, approved happy + checkout TTL 7j, declined + event","duration":82.50410000000193,"failureMessages":[],"meta":{},"tags":[]},{"ancestorTitles":["review/withdraw — décisions et retraits"],"fullName":"review/withdraw — décisions et retraits review depuis contact_required, refus depuis approved","status":"passed","title":"review depuis contact_required, refus depuis approved","duration":31.30529999999999,"failureMessages":[],"meta":{},"tags":[]},{"ancestorTitles":["review/withdraw — décisions et retraits"],"fullName":"review/withdraw — décisions et retraits withdraw NOT_FOUND, FORBIDDEN email, happy puis double -> erreur","status":"passed","title":"withdraw NOT_FOUND, FORBIDDEN email, happy puis double -> erreur","duration":15.412200000002485,"failureMessages":[],"meta":{},"tags":[]},{"ancestorTitles":["checkout initiate + cancel action"],"fullName":"checkout initiate + cancel action initiate single + accord + locale fr, session expirée -> GONE","status":"passed","title":"initiate single + accord + locale fr, session expirée -> GONE","duration":77.47590000000127,"failureMessages":[],"meta":{},"tags":[]},{"ancestorTitles":["checkout initiate + cancel action"],"fullName":"checkout initiate + cancel action cancel NOT_FOUND, remboursement manuel sans paid, idempotence 2e cancel","status":"passed","title":"cancel NOT_FOUND, remboursement manuel sans paid, idempotence 2e cancel","duration":46.34809999999925,"failureMessages":[],"meta":{},"tags":[]},{"ancestorTitles":["refundPayment + payBalance actions"],"fullName":"refundPayment + payBalance actions refund NOT_FOUND, sans paid -> BAD_REQUEST, partiel + total","status":"passed","title":"refund NOT_FOUND, sans paid -> BAD_REQUEST, partiel + total","duration":84.21779999999853,"failureMessages":[],"meta":{},"tags":[]},{"ancestorTitles":["refundPayment + payBalance actions"],"fullName":"refundPayment + payBalance actions payBalance inconnu -> GONE, soldée -> CONFLICT, email faux -> GONE, happy","status":"passed","title":"payBalance inconnu -> GONE, soldée -> CONFLICT, email faux -> GONE, happy","duration":16.777299999997922,"failureMessages":[],"meta":{},"tags":[]},{"ancestorTitles":["refundPayment + payBalance actions"],"fullName":"refundPayment + payBalance actions payBalance échec provider -> BAD_REQUEST","status":"passed","title":"payBalance échec provider -> BAD_REQUEST","duration":15.354400000000169,"failureMessages":[],"meta":{},"tags":[]}],"startTime":1789967363109,"endTime":1789967364234.3545,"status":"passed","message":"","name":"C:/Users/Utilisateur/Documents/t3code/atlaselle/tests/integration/voyage-actions2.test.ts"},{"assertionResults":[{"ancestorTitles":["trips actions — transitions, restore, update, upsert"],"fullName":"trips actions — transitions, restore, update, upsert createTrip happy + groupMax<groupMin -> BAD_REQUEST","status":"passed","title":"createTrip happy + groupMax<groupMin -> BAD_REQUEST","duration":261.39410000000044,"failureMessages":[],"meta":{},"tags":[]},{"ancestorTitles":["trips actions — transitions, restore, update, upsert"],"fullName":"trips actions — transitions, restore, update, upsert chaîne complète draft->review->approved->published(unpublished, publishedAt)->archived->restored","status":"passed","title":"chaîne complète draft->review->approved->published(unpublished, publishedAt)->archived->restored","duration":74.42579999999998,"failureMessages":[],"meta":{},"tags":[]},{"ancestorTitles":["trips actions — transitions, restore, update, upsert"],"fullName":"trips actions — transitions, restore, update, upsert transition illégale et révision inconnue","status":"passed","title":"transition illégale et révision inconnue","duration":66.26779999999962,"failureMessages":[],"meta":{},"tags":[]},{"ancestorTitles":["trips actions — transitions, restore, update, upsert"],"fullName":"trips actions — transitions, restore, update, upsert
[...]
jet/html/texte complets et localisés","duration":0.6150000000000091,"failureMessages":[],"meta":{},"tags":[]},{"ancestorTitles":["voyage email templates — matrice 12×4"],"fullName":"voyage email templates — matrice 12×4 booking_confirmed [es] rend sujet/html/texte complets et localisés","status":"passed","title":"booking_confirmed [es] rend sujet/html/texte complets et localisés","duration":0.5416000000000167,"failureMessages":[],"meta":{},"tags":[]},{"ancestorTitles":["voyage email templates — matrice 12×4"],"fullName":"voyage email templates — matrice 12×4 booking_confirmed [ar] rend sujet/html/texte complets et localisés","status":"passed","title":"booking_confirmed [ar] rend sujet/html/texte complets et localisés","duration":0.5259000000000924,"failureMessages":[],"meta":{},"tags":[]},{"ancestorTitles":["voyage email templates — matrice 12×4"],"fullName":"voyage email templates — matrice 12×4 balance_due [fr] rend sujet/html/texte complets et localisés","status":"passed","title":"balance_due [fr] rend sujet/html/texte complets et localisés","duration":0.5513999999998305,"failureMessages":[],"meta":{},"tags":[]},{"ancestorTitles":["voyage email templates — matrice 12×4"],"fullName":"voyage email templates — matrice 12×4 balance_due [en] rend sujet/html/texte complets et localisés","status":"passed","title":"balance_due [en] rend sujet/html/texte complets et localisés","duration":0.5353000000000065,"failureMessages":[],"meta":{},"tags":[]},{"ancestorTitles":["voyage email templates — matrice 12×4"],"fullName":"voyage email templates — matrice 12×4 balance_due [es] rend sujet/html/texte complets et localisés","status":"passed","title":"balance_due [es] rend sujet/html/texte complets et localisés","duration":0.5266000000001441,"failureMessages":[],"meta":{},"tags":[]},{"ancestorTitles":["voyage email templates — matrice 12×4"],"fullName":"voyage email templates — matrice 12×4 balance_due [ar] rend sujet/html/texte complets et localisés","status":"passed","title":"balance_due [ar] rend sujet/html/texte complets et localisés","duration":0.5214000000000851,"failureMessages":[],"meta":{},"tags":[]},{"ancestorTitles":["voyage email templates — matrice 12×4"],"fullName":"voyage email templates — matrice 12×4 balance_reminder [fr] rend sujet/html/texte complets et localisés","status":"passed","title":"balance_reminder [fr] rend sujet/html/texte complets et localisés","duration":0.5140999999998712,"failureMessages":[],"meta":{},"tags":[]},{"ancestorTitles":["voyage email templates — matrice 12×4"],"fullName":"voyage email templates — matrice 12×4 balance_reminder [en] rend sujet/html/texte complets et localisés","status":"passed","title":"balance_reminder [en] rend sujet/html/texte complets et localisés","duration":0.5203999999998814,"failureMessages":[],"meta":{},"tags":[]},{"ancestorTitles":["voyage email templates — matrice 12×4"],"fullName":"voyage email templates — matrice 12×4 balance_reminder [es] rend sujet/html/texte complets et localisés","status":"passed","title":"balance_reminder [es] rend sujet/html/texte complets et localisés","duration":0.5202999999999065,"failureMessages":[],"meta":{},"tags":[]},{"ancestorTitles":["voyage email templates — matrice 12×4"],"fullName":"voyage email templates — matrice 12×4 balance_reminder [ar] rend sujet/html/texte complets et localisés","status":"passed","title":"balance_reminder [ar] rend sujet/html/texte complets et localisés","duration":0.5216000000000349,"failureMessages":[],"meta":{},"tags":[]},{"ancestorTitles":["voyage email templates — matrice 12×4"],"fullName":"voyage email templates — matrice 12×4 pre_trip_preparation [fr] rend sujet/html/texte complets et localisés","status":"passed","title":"pre_trip_preparation [fr] rend sujet/html/texte complets et localisés","duration":0.52800000000002,"failureMessages":[],"meta":{},"tags":[]},{"ancestorTitles":["voyage email templates — matrice 12×4"],"fullName":"voyage email templates — matrice 12×4 pre_trip_preparation [en] rend sujet/html/texte complets et localisés","status":"passed","title":"pre_trip_preparation [en] rend sujet/html/texte complets et localisés","duration":0.5217999999999847,"failureMessages":[],"meta":{},"tags":[]},{"ancestorTitles":["voyage email templates — matrice 12×4"],"fullName":"voyage email templates — matrice 12×4 pre_trip_preparation [es] rend sujet/html/texte complets et localisés","status":"passed","title":"pre_trip_preparation [es] rend sujet/html/texte complets et localisés","duration":0.5152000000000498,"failureMessages":[],"meta":{},"tags":[]},{"ancestorTitles":["voyage email templates — matrice 12×4"],"fullName":"voyage email templates — matrice 12×4 pre_trip_preparation [ar] rend sujet/html/texte complets et localisés","status":"passed","title":"pre_trip_preparation [ar] rend sujet/html/texte complets et localisés","duration":0.5187000000000808,"failureMessages":[],"meta":{},"tags":[]},{"ancestorTitles":["voyage email templates — matrice 12×4"],"fullName":"voyage email templates — matrice 12×4 pre_trip_reminder [fr] rend sujet/html/texte complets et localisés","status":"passed","title":"pre_trip_reminder [fr] rend sujet/html/texte complets et localisés","duration":0.5183000000001812,"failureMessages":[],"meta":{},"tags":[]},{"ancestorTitles":["voyage email templates — matrice 12×4"],"fullName":"voyage email templates — matrice 12×4 pre_trip_reminder [en] rend sujet/html/texte complets et localisés","status":"passed","title":"pre_trip_reminder [en] rend sujet/html/texte complets et localisés","duration":0.5147999999999229,"failureMessages":[],"meta":{},"tags":[]},{"ancestorTitles":["voyage email templates — matrice 12×4"],"fullName":"voyage email templates — matrice 12×4 pre_trip_reminder [es] rend sujet/html/texte complets et localisés","status":"passed","title":"pre_trip_reminder [es] rend sujet/html/texte complets et localisés","duration":0.6368999999999687,"failureMessages":[],"meta":{},"tags":[]},{"ancestorTitles":["voyage email templates — matrice 12×4"],"fullName":"voyage email templates — matrice 12×4 pre_trip_reminder [ar] rend sujet/html/texte complets et localisés","status":"passed","title":"pre_trip_reminder [ar] rend sujet/html/texte complets et localisés","duration":3.1128000000001066,"failureMessages":[],"meta":{},"tags":[]},{"ancestorTitles":["voyage email templates — matrice 12×4"],"fullName":"voyage email templates — matrice 12×4 post_trip_followup [fr] rend sujet/html/texte complets et localisés","status":"passed","title":"post_trip_followup [fr] rend sujet/html/texte complets et localisés","duration":0.7325000000000728,"failureMessages":[],"meta":{},"tags":[]},{"ancestorTitles":["voyage email templates — matrice 12×4"],"fullName":"voyage email templates — matrice 12×4 post_trip_followup [en] rend sujet/html/texte complets et localisés","status":"passed","title":"post_trip_followup [en] rend sujet/html/texte complets et localisés","duration":0.759900000000016,"failureMessages":[],"meta":{},"tags":[]},{"ancestorTitles":["voyage email templates — matrice 12×4"],"fullName":"voyage email templates — matrice 12×4 post_trip_followup [es] rend sujet/html/texte complets et localisés","status":"passed","title":"post_trip_followup [es] rend sujet/html/texte complets et localisés","duration":0.5436000000001968,"failureMessages":[],"meta":{},"tags":[]},{"ancestorTitles":["voyage email templates — matrice 12×4"],"fullName":"voyage email templates — matrice 12×4 post_trip_followup [ar] rend sujet/html/texte complets et localisés","status":"passed","title":"post_trip_followup [ar] rend sujet/html/texte complets et localisés","duration":0.5149000000001251,"failureMessages":[],"meta":{},"tags":[]}],"startTime":1789967428699,"endTime":1789967428742.515,"status":"passed","message":"","name":"C:/Users/Utilisateur/Documents/t3code/atlaselle/tests/unit/voyage/templates.test.ts"},{"assertionResults":[{"ancestorTitles":["trip transitions (TODO §8.3)"],"fullName":"trip transitions (TODO §8.3) allows the nominal editorial flow","status":"passed","title":"allows the nominal editorial flow","duration":3.6809000000000083,"failureMessages":[],"meta":{},"tags":[]},{"ancestorTitles":["trip transitions (TODO §8.3)"],"fullName":"trip transitions (TODO §8.3) rejects generic status jumps","status":"passed","title":"rejects generic status jumps","duration":1.8221000000000345,"failureMessages":[],"meta":{},"tags":[]},{"ancestorTitles":["trip transitions (TODO §8.3)"],"fullName":"trip transitions (TODO §8.3) restores archived trips to unpublished","status":"passed","title":"restores archived trips to unpublished","duration":0.38939999999996644,"failureMessages":[],"meta":{},"tags":[]},{"ancestorTitles":["trip transitions (TODO §8.3)"],"fullName":"trip transitions (TODO §8.3) covers every declared status","status":"passed","title":"covers every declared status","duration":1.4139999999999873,"failureMessages":[],"meta":{},"tags":[]},{"ancestorTitles":["departure transitions (TODO §8.4)"],"fullName":"departure transitions (TODO §8.4) opens, limits and completes","status":"passed","title":"opens, limits and completes","duration":0.7834000000000287,"failureMessages":[],"meta":{},"tags":[]},{"ancestorTitles":["departure transitions (TODO §8.4)"],"fullName":"departure transitions (TODO §8.4) never reopens a completed departure","status":"passed","title":"never reopens a completed departure","duration":0.3083000000000311,"failureMessages":[],"meta":{},"tags":[]},{"ancestorTitles":["application transitions (TODO §11.3)"],"fullName":"application transitions (TODO §11.3) flows through review to a decision","status":"passed","title":"flows through review to a decision","duration":0.6048000000000116,"failureMessages":[],"meta":{},"tags":[]},{"ancestorTitles":["application transitions (TODO §11.3)"],"fullName":"application transitions (TODO §11.3) is terminal after decision","status":"passed","title":"is terminal after decision","duration":0.8700000000000045,"failureMessages":[],"meta":{},"tags":[]},{"ancestorTitles":["reservation transitions (TODO §12.1)"],"fullName":"reservation transitions (TODO §12.1) confirms then completes","status":"passed","title":"confirms then completes","duration":1.0144999999999982,"failureMessages":[],"meta":{},"tags":[]},{"ancestorTitles":["payment transitions (TODO §13)"],"fullName":"payment transitions (TODO §13) authorizes then captures","status":"passed","title":"authorizes then captures","duration":0.5935000000000059,"failureMessages":[],"meta":{},"tags":[]},{"ancestorTitles":["payment transitions (TODO §13)"],"fullName":"payment transitions (TODO §13) generates unique idempotency keys","status":"passed","title":"generates unique idempotency keys","duration":1.319500000000005,"failureMessages":[],"meta":{},"tags":[]}],"startTime":1789967451856,"endTime":1789967451870.3196,"status":"passed","message":"","name":"C:/Users/Utilisateur/Documents/t3code/atlaselle/tests/unit/voyage/transitions.test.ts"},{"assertionResults":[{"ancestorTitles":["trip engagement validation"],"fullName":"trip engagement validation comment accepte contenu + parent optionnel","status":"passed","title":"comment accepte contenu + parent optionnel","duration":7.486100000000079,"failureMessages":[],"meta":{},"tags":[]},{"ancestorTitles":["trip engagement validation"],"fullName":"trip engagement validation comment rejette contenu vide et trop long","status":"passed","title":"comment rejette contenu vide et trop long","duration":3.9810999999999694,"failureMessages":[],"meta":{},"tags":[]},{"ancestorTitles":["trip engagement validation"],"fullName":"trip engagement validation review exige note 1-5 et contenu","status":"passed","title":"review exige note 1-5 et contenu","duration":3.0155999999999494,"failureMessages":[],"meta":{},"tags":[]},{"ancestorTitles":["trip engagement validation"],"fullName":"trip engagement validation moderation comment accepte les 5 actions","status":"passed","title":"moderation comment accepte les 5 actions","duration":3.139199999999846,"failureMessages":[],"meta":{},"tags":[]},{"ancestorTitles":["trip engagement validation"],"fullName":"trip engagement validation moderation review accepte PENDING/APPROVED/REJECTED/SPAM","status":"passed","title":"moderation review accepte PENDING/APPROVED/REJECTED/SPAM","duration":2.6259000000000015,"failureMessages":[],"meta":{},"tags":[]},{"ancestorTitles":["trip engagement validation"],"fullName":"trip engagement validation report single-target strict","status":"passed","title":"report single-target strict","duration":3.0430999999998676,"failureMessages":[],"meta":{},"tags":[]},{"ancestorTitles":["trip engagement workflow"],"fullName":"trip engagement workflow comment PENDING vers APPROVED/REJECTED/SPAM/TRASH","status":"passed","title":"comment PENDING vers APPROVED/REJECTED/SPAM/TRASH","duration":0.6638000000000375,"failureMessages":[],"meta":{},"tags":[]},{"ancestorTitles":["trip engagement workflow"],"fullName":"trip engagement workflow review PENDING vers APPROVED/REJECTED/SPAM, jamais TRASH","status":"passed","title":"review PENDING vers APPROVED/REJECTED/SPAM, jamais TRASH","duration":0.3853999999998905,"failureMessages":[],"meta":{},"tags":[]},{"ancestorTitles":["trip engagement workflow"],"fullName":"trip engagement workflow report PENDING vers REVIEWED/RESOLVED/REJECTED","status":"passed","title":"report PENDING vers REVIEWED/RESOLVED/REJECTED","duration":1.0085999999998876,"failureMessages":[],"meta":{},"tags":[]},{"ancestorTitles":["trip engagement workflow"],"fullName":"trip engagement workflow averageFrom100 arrondi à 1 décimale","status":"passed","title":"averageFrom100 arrondi à 1 décimale","duration":0.5192000000001826,"failureMessages":[],"meta":{},"tags":[]},{"ancestorTitles":["trip engagement i18n 4 locales"],"fullName":"trip engagement i18n 4 locales fr/en/es/ar couvrent les clés critiques","status":"passed","title":"fr/en/es/ar couvrent les clés critiques","duration":1.269900000000007,"failureMessages":[],"meta":{},"tags":[]},{"ancestorTitles":["trip engagement seeds invariants"],"fullName":"trip engagement seeds invariants manifest déclare 48→54","status":"passed","title":"manifest déclare 48→54","duration":2.5377999999998337,"failureMessages":[],"meta":{},"tags":[]},{"ancestorTitles":["trip engagement seeds invariants"],"fullName":"trip engagement seeds invariants comments statuts couvrent PENDING/APPROVED","status":"passed","title":"comments statuts couvrent PENDING/APPROVED","duration":0.4433999999998832,"failureMessages":[],"meta":{},"tags":[]},{"ancestorTitles":["trip engagement seeds invariants"],"fullName":"trip engagement seeds invariants reviews notes 1-5 et statuts PENDING/APPROVED","status":"passed","title":"reviews notes 1-5 et statuts PENDING/APPROVED","duration":1.3298999999999523,"failureMessages":[],"meta":{},"tags":[]},{"ancestorTitles":["trip engagement seeds invariants"],"fullName":"trip engagement seeds invariants reports single-target","status":"passed","title":"reports single-target","duration":0.3188000000000102,"failureMessages":[],"meta":{},"tags":[]},{"ancestorTitles":["trip engagement seeds invariants"],"fullName":"trip engagement seeds invariants reviews uniques par (tripId, authorId)","status":"passed","title":"reviews uniques par (tripId, authorId)","duration":0.42059999999992215,"failureMessages":[],"meta":{},"tags":[]}],"startTime":1789967442511,"endTime":1789967442545.4207,"status":"passed","message":"","name":"C:/Users/Utilisateur/Documents/t3code/atlaselle/tests/unit/voyage/trip-engagement.test.ts"},{"assertionResults":[{"ancestorTitles":["voyage templates (TODO §14.1 — 12 × 4 langues)"],"fullName":"voyage templates (TODO §14.1 — 12 × 4 langues) renders application_received in all locales without leftover vars","status":"passed","title":"renders application_received in all locales without leftover vars","duration":6.295900000000074,"failureMessages":[],"meta":{},"tags":[]},{"ancestorTitles":["voyage templates (TODO §14.1 — 12 × 4 langues)"],"fullName":"voyage templates (TODO §14.1 — 12 × 4 langues) renders application_approved in all locales without leftover vars","status":"passed","title":"renders application_approved in all locales without leftover vars","duration":1.7579999999998108,"failureMessages":[],"meta":{},"tags":[]},{"ancestorTitles":["voyage templates (TODO §14.1 — 12 × 4 langues)"],"fullName":"voyage templates (TODO §14.1 — 12 × 4 langues) renders application_contact_required in all locales without leftover vars","status":"passed","title":"renders application_contact_required in all locales without leftover vars","duration":2.022799999999961,"failureMessages":[],"meta":{},"tags":[]},{"ancestorTitles":["voyage templates (TODO §14.1 — 12 × 4 langues)"],"fullName":"voyage templates (TODO §14.1 — 12 × 4 langues) renders application_declined in all locales without leftover vars","status":"passed","title":"renders application_declined in all locales without leftover vars","duration":1.346900000000005,"failureMessages":[],"meta":{},"tags":[]},{"ancestorTitles":["voyage templates (TODO §14.1 — 12 × 4 langues)"],"fullName":"voyage templates (TODO §14.1 — 12 × 4 langues) renders checkout_started in all locales without leftover vars","status":"passed","title":"renders checkout_started in all locales without leftover vars","duration":1.2296999999998661,"failureMessages":[],"meta":{},"tags":[]},{"ancestorTitles":["voyage templates (TODO §14.1 — 12 × 4 langues)"],"fullName":"voyage templates (TODO §14.1 — 12 × 4 langues) renders payment_received in all locales without leftover vars","status":"passed","title":"renders payment_received in all locales without leftover vars","duration":6.65339999999992,"failureMessages":[],"meta":{},"tags":[]},{"ancestorTitles":["voyage templates (TODO §14.1 — 12 × 4 langues)"],"fullName":"voyage templates (TODO §14.1 — 12 × 4 langues) renders booking_confirmed in all locales without leftover vars","status":"passed","title":"renders booking_confirmed in all locales without leftover vars","duration":1.312599999999975,"failureMessages":[],"meta":{},"tags":[]},{"ancestorTitles":["voyage templates (TODO §14.1 — 12 × 4 langues)"],"fullName":"voyage templates (TODO §14.1 — 12 × 4 langues) renders balance_due in all locales without leftover vars","status":"passed","title":"renders balance_due in all locales without leftover vars","duration":1.2141999999998916,"failureMessages":[],"meta":{},"tags":[]},{"ancestorTitles":["voyage templates (TODO §14.1 — 12 × 4 langues)"],"fullName":"voyage templates (TODO §14.1 — 12 × 4 langues) renders balance_reminder in all locales without leftover vars","status":"passed","title":"renders balance_reminder in all locales without leftover vars","duration":3.727200000000039,"failureMessages":[],"meta":{},"tags":[]},{"ancestorTitles":["voyage templates (TODO §14.1 — 12 × 4 langues)"],"fullName":"voyage templates (TODO §14.1 — 12 × 4 langues) renders pre_trip_preparation in all locales without leftover vars","status":"passed","title":"renders pre_trip_preparation in all locales without leftover vars","duration":1.366700000000037,"failureMessages":[],"meta":{},"tags":[]},{"ancestorTitles":["voyage templates (TODO §14.1 — 12 × 4 langues)"],"fullName":"voyage templates (TODO §14.1 — 12 × 4 langues) renders pre_trip_reminder in all locales without leftover vars","status":"passed","title":"renders pre_trip_reminder in all locales without leftover vars","duration":1.2927999999999429,"failureMessages":[],"meta":{},"tags":[]},{"ancestorTitles":["voyage templates (TODO §14.1 — 12 × 4 langues)"],"fullName":"voyage templates (TODO §14.1 — 12 × 4 langues) renders post_trip_followup in all locales without leftover vars","status":"passed","title":"renders post_trip_followup in all locales without leftover vars","duration":5.4857999999999265,"failureMessages":[],"meta":{},"tags":[]}],"startTime":1789967448023,"endTime":1789967448057.4858,"status":"passed","message":"","name":"C:/Users/Utilisateur/Documents/t3code/atlaselle/tests/unit/voyage/voyage-email.test.ts"}]}